#
# A fatal error has been detected by the Java Runtime Environment:
#
#  SIGSEGV (0xb) at pc=0x00007f89c5ac6c69, pid=18750, tid=0x00007f899f871700
#
# JRE version: OpenJDK Runtime Environment (8.0_76-b03) (build 1.8.0_76-release-b03)
# Java VM: OpenJDK 64-Bit Server VM (25.76-b03 mixed mode linux-amd64 compressed oops)
# Problematic frame:
# V  [libjvm.so+0x459c69]  Compile::remove_useless_nodes(Unique_Node_List&)+0x89
#
# Failed to write core dump. Core dumps have been disabled. To enable core dumping, try "ulimit -c unlimited" before starting Java again
#
# If you would like to submit a bug report, please visit:
#   http://bugreport.java.com/bugreport/crash.jsp
#

---------------  T H R E A D  ---------------

Current thread (0x00007f89c00b3800):  JavaThread "C2 CompilerThread0" daemon [_thread_in_native, id=18760, stack(0x00007f899f771000,0x00007f899f872000)]

siginfo: si_signo: 11 (SIGSEGV), si_code: 1 (SEGV_MAPERR), si_addr: 0x0000000000000028

Registers:
RAX=0x0000000000000001, RBX=0x00007f8974250df8, RCX=0x0000000000000000, RDX=0x0000000000000081
RSP=0x00007f899f86f2c0, RBP=0x00007f899f86f300, RSI=0x0000000000000081, RDI=0x00007f8988806650
R8 =0x00007f8974250eb0, R9 =0x00007f8974250ea8, R10=0x00000000000000c3, R11=0x0000000002000000
R12=0x00007f899f86f510, R13=0x0000000000000001, R14=0x00007f899f86ffd0, R15=0x0000000000002640
RIP=0x00007f89c5ac6c69, EFLAGS=0x0000000000010202, CSGSFS=0x0000000000000033, ERR=0x0000000000000004
  TRAPNO=0x000000000000000e

Top of Stack: (sp=0x00007f899f86f2c0)
0x00007f899f86f2c0:   00007f899f86f320 0000000000000c00
0x00007f899f86f2d0:   0000000000000001 00007f899f86f500
0x00007f899f86f2e0:   00007f899f86f510 00007f899f86f410
0x00007f899f86f2f0:   00007f899f86f560 00007f899f86f530
0x00007f899f86f300:   00007f899f86f350 00007f89c5efd810
0x00007f899f86f310:   00007f899f86f330 00007f89c5eaff7f
0x00007f899f86f320:   00000000000066d1 00007f899f86f4b0
0x00007f899f86f330:   00007f8989804348 00007f899f86f460
0x00007f899f86f340:   00007f89898045a0 00007f899f86ffd0
0x00007f899f86f350:   00007f899f86ff70 00007f89c5ad26c6
0x00007f899f86f360:   00007f890000000c 00007f89898074f0
0x00007f899f86f370:   00007f899f870968 00007f899f870980
0x00007f899f86f380:   00007f89c00ae530 0000003000000004
0x00007f899f86f390:   00007f8900000000 00007f8900000000
0x00007f899f86f3a0:   00007f8900000002 00007f899f86f410
0x00007f899f86f3b0:   00007f89c00ae530 00007f899f870968
0x00007f899f86f3c0:   00007f8900000001 00007f899f870160
0x00007f899f86f3d0:   00007f899f86ffd0 00007f899f86f470
0x00007f899f86f3e0:   00007f89c00b3e30 00007f898c40c640
0x00007f899f86f3f0:   00007f898c412b50 00007f898c414628
0x00007f899f86f400:   0000000000050248 000000000006edc0
0x00007f899f86f410:   00007f899f8700c0 0000000000002000
0x00007f899f86f420:   00007f8988963e40 00007f89000008a1
0x00007f899f86f430:   00007f89c64eff70 00007f899f8700c0
0x00007f899f86f440:   00007f8900000400 00007f897450bda0
0x00007f899f86f450:   00007f8900000000 00007f89c5aaa093
0x00007f899f86f460:   0000000000000000 0000000000000000
0x00007f899f86f470:   53656d69746e7552 725f202d20627500
0x00007f899f86f480:   5f72657473696765 00007f899f86ffd0
0x00007f899f86f490:   0000000000000000 00007f89c6081770
0x00007f899f86f4a0:   00007f899f86f401 00007f89b106ed6b
0x00007f899f86f4b0:   00007f89c64e29d0 00007f8900000001 

Instructions: (pc=0x00007f89c5ac6c69)
0x00007f89c5ac6c49:   89 eb 49 d3 e3 46 85 1c 97 74 26 83 c0 01 39 c2
0x00007f89c5ac6c59:   7e 3c 4c 8b 4b 10 48 63 c8 4d 8d 04 c9 49 8b 08
0x00007f89c5ac6c69:   8b 49 28 41 89 ca 41 c1 ea 05 45 39 54 24 30 77
0x00007f89c5ac6c79:   c6 83 ee 01 83 e8 01 83 ea 01 89 73 20 49 8b 0c 

Register to memory mapping:

RAX=0x0000000000000001 is an unknown value
RBX=0x00007f8974250df8 is an unknown value
RCX=0x0000000000000000 is an unknown value
RDX=0x0000000000000081 is an unknown value
RSP=0x00007f899f86f2c0 is pointing into the stack for thread: 0x00007f89c00b3800
RBP=0x00007f899f86f300 is pointing into the stack for thread: 0x00007f89c00b3800
RSI=0x0000000000000081 is an unknown value
RDI=0x00007f8988806650 is an unknown value
R8 =0x00007f8974250eb0 is an unknown value
R9 =0x00007f8974250ea8 is an unknown value
R10=0x00000000000000c3 is an unknown value
R11=0x0000000002000000 is an unknown value
R12=0x00007f899f86f510 is pointing into the stack for thread: 0x00007f89c00b3800
R13=0x0000000000000001 is an unknown value
R14=0x00007f899f86ffd0 is pointing into the stack for thread: 0x00007f89c00b3800
R15=0x0000000000002640 is an unknown value


Stack: [0x00007f899f771000,0x00007f899f872000],  sp=0x00007f899f86f2c0,  free space=1016k
Native frames: (J=compiled Java code, j=interpreted, Vv=VM code, C=native code)
V  [libjvm.so+0x459c69]  Compile::remove_useless_nodes(Unique_Node_List&)+0x89
V  [libjvm.so+0x890810]  PhaseRemoveUseless::PhaseRemoveUseless(PhaseGVN*, Unique_Node_List*, Phase::PhaseNumber)+0x280
V  [libjvm.so+0x4656c6]  Compile::Compile(ciEnv*, C2Compiler*, ciMethod*, int, bool, bool, bool)+0x1416
V  [libjvm.so+0x3c3338]  C2Compiler::compile_method(ciEnv*, ciMethod*, int)+0x1a8
V  [libjvm.so+0x46d832]  CompileBroker::invoke_compiler_on_method(CompileTask*)+0x8b2
V  [libjvm.so+0x46e6e8]  CompileBroker::compiler_thread_loop()+0x4e8
V  [libjvm.so+0x986ec0]  JavaThread::thread_main_inner()+0xf0
V  [libjvm.so+0x8425b2]  java_start(Thread*)+0xf2
C  [libpthread.so.0+0x76ba]  start_thread+0xca


Current CompileTask:
C2:   5829 3700   !   4       java.net.URLClassLoader$1::run (63 bytes)


---------------  P R O C E S S  ---------------

Java Threads: ( => current thread )
  0x00007f8974d72800 JavaThread "File lock request listener" [_thread_in_native, id=18777, stack(0x00007f899c7f9000,0x00007f899c8fa000)]
  0x00007f8974c58000 JavaThread "process reaper" daemon [_thread_blocked, id=18776, stack(0x00007f899cafa000,0x00007f899cb33000)]
  0x00007f897401b000 JavaThread "Stdin handler" [_thread_blocked, id=18774, stack(0x00007f899d5ac000,0x00007f899d6ad000)]
  0x00007f8974019000 JavaThread "Asynchronous log dispatcher for org.gradle.launcher.daemon.server.DefaultDaemonConnection@f4c36a5" [_thread_blocked, id=18773, stack(0x00007f899d6ad000,0x00007f899d7ae000)]
  0x00007f8970007000 JavaThread "Daemon worker" [_thread_in_vm, id=18770, stack(0x00007f899d7ae000,0x00007f899d8af000)]
  0x00007f897000b000 JavaThread "Cancel handler" [_thread_blocked, id=18769, stack(0x00007f899d8af000,0x00007f899d9b0000)]
  0x00007f8970003800 JavaThread "Handler for socket connection from /127.0.0.1:33900 to /127.0.0.1:55626" [_thread_in_native, id=18768, stack(0x00007f899d9b0000,0x00007f899dab1000)]
  0x00007f897800f800 JavaThread "Daemon" [_thread_blocked, id=18767, stack(0x00007f899dab1000,0x00007f899dbb2000)]
  0x00007f89c0b3c800 JavaThread "pool-1-thread-1" [_thread_blocked, id=18766, stack(0x00007f899dbb2000,0x00007f899dcb3000)]
  0x00007f89c0b0f000 JavaThread "Incoming local TCP Connector on port 33900" [_thread_in_native, id=18765, stack(0x00007f899deba000,0x00007f899dfbb000)]
  0x00007f89c00b9000 JavaThread "Service Thread" daemon [_thread_blocked, id=18762, stack(0x00007f899f56f000,0x00007f899f670000)]
  0x00007f89c00b6800 JavaThread "C1 CompilerThread1" daemon [_thread_in_native, id=18761, stack(0x00007f899f670000,0x00007f899f771000)]
=>0x00007f89c00b3800 JavaThread "C2 CompilerThread0" daemon [_thread_in_native, id=18760, stack(0x00007f899f771000,0x00007f899f872000)]
  0x00007f89c00b2000 JavaThread "Signal Dispatcher" daemon [_thread_blocked, id=18759, stack(0x00007f899f872000,0x00007f899f973000)]
  0x00007f89c007f800 JavaThread "Finalizer" daemon [_thread_blocked, id=18758, stack(0x00007f899fdfe000,0x00007f899feff000)]
  0x00007f89c007b000 JavaThread "Reference Handler" daemon [_thread_blocked, id=18757, stack(0x00007f899feff000,0x00007f89a0000000)]
  0x00007f89c000a000 JavaThread "main" [_thread_blocked, id=18753, stack(0x00007f89c7062000,0x00007f89c7163000)]

Other Threads:
  0x00007f89c0073000 VMThread [stack: 0x00007f89ac019000,0x00007f89ac11a000] [id=18756]
  0x00007f89c00bb800 WatcherThread [stack: 0x00007f899f46e000,0x00007f899f56f000] [id=18763]

VM state:not at safepoint (normal execution)

VM Mutex/Monitor currently owned by a thread: None

Heap:
 PSYoungGen      total 180736K, used 74105K [0x00000000e0000000, 0x00000000ed300000, 0x0000000100000000)
  eden space 169984K, 43% used [0x00000000e0000000,0x00000000e485e548,0x00000000ea600000)
  from space 10752K, 0% used [0x00000000eb100000,0x00000000eb100000,0x00000000ebb80000)
  to   space 11264K, 0% used [0x00000000ea600000,0x00000000ea600000,0x00000000eb100000)
 ParOldGen       total 79360K, used 16090K [0x00000000a0000000, 0x00000000a4d80000, 0x00000000e0000000)
  object space 79360K, 20% used [0x00000000a0000000,0x00000000a0fb6b18,0x00000000a4d80000)
 Metaspace       used 41023K, capacity 41884K, committed 42368K, reserved 1085440K
  class space    used 5481K, capacity 5664K, committed 5760K, reserved 1048576K

Card table byte_map: [0x00007f89b093f000,0x00007f89b0c40000] byte_map_base: 0x00007f89b043f000

Marking Bits: (ParMarkBitMap*) 0x00007f89c65301a0
 Begin Bits: [0x00007f89ad73d000, 0x00007f89aef3d000)
 End Bits:   [0x00007f89aef3d000, 0x00007f89b073d000)

Polling page: 0x00007f89c7180000

CodeCache: size=245760Kb used=12501Kb max_used=12501Kb free=233258Kb
 bounds [0x00007f89b1000000, 0x00007f89b1c40000, 0x00007f89c0000000]
 total_blobs=4914 nmethods=4234 adapters=594
 compilation: enabled

Compilation events (10 events):
Event: 5.826 Thread 0x00007f89c00b6800 nmethod 4279 0x00007f89b1c36110 code [0x00007f89b1c362e0, 0x00007f89b1c36738]
Event: 5.826 Thread 0x00007f89c00b6800 4280       2       com.sun.org.apache.xerces.internal.impl.xs.XMLSchemaValidator::storeLocations (89 bytes)
Event: 5.826 Thread 0x00007f89c00b6800 nmethod 4280 0x00007f89b1c36a90 code [0x00007f89b1c36c80, 0x00007f89b1c371a8]
Event: 5.826 Thread 0x00007f89c00b6800 4281       2       com.sun.org.apache.xerces.internal.impl.xs.XSElementDecl::getAbstract (16 bytes)
Event: 5.826 Thread 0x00007f89c00b6800 nmethod 4281 0x00007f89b1c37550 code [0x00007f89b1c376a0, 0x00007f89b1c37810]
Event: 5.826 Thread 0x00007f89c00b6800 4282       2       com.sun.org.apache.xerces.internal.impl.xs.XMLSchemaValidator$ValueStoreCache::startElement (55 bytes)
Event: 5.827 Thread 0x00007f89c00b6800 nmethod 4282 0x00007f89b1c37890 code [0x00007f89b1c37a80, 0x00007f89b1c37ed8]
Event: 5.827 Thread 0x00007f89c00b6800 4283       2       com.sun.org.apache.xerces.internal.impl.xs.XMLSchemaValidator$XPathMatcherStack::pushContext (12 bytes)
Event: 5.827 Thread 0x00007f89c00b6800 nmethod 4283 0x00007f89b1c382d0 code [0x00007f89b1c38440, 0x00007f89b1c38608]
Event: 5.827 Thread 0x00007f89c00b6800 4284       2       com.sun.org.apache.xerces.internal.impl.xs.XMLSchemaValidator::processAttributes (784 bytes)

GC Heap History (10 events):
Event: 2.082 GC heap before
{Heap before GC invocations=6 (full 1):
 PSYoungGen      total 68608K, used 5088K [0x00000000e0000000, 0x00000000e9200000, 0x0000000100000000)
  eden space 63488K, 0% used [0x00000000e0000000,0x00000000e0000000,0x00000000e3e00000)
  from space 5120K, 99% used [0x00000000e3e00000,0x00000000e42f8040,0x00000000e4300000)
  to   space 11264K, 0% used [0x00000000e8700000,0x00000000e8700000,0x00000000e9200000)
 ParOldGen       total 84992K, used 9422K [0x00000000a0000000, 0x00000000a5300000, 0x00000000e0000000)
  object space 84992K, 11% used [0x00000000a0000000,0x00000000a0933858,0x00000000a5300000)
 Metaspace       used 20872K, capacity 21138K, committed 21296K, reserved 1067008K
  class space    used 2784K, capacity 2879K, committed 2944K, reserved 1048576K
Event: 2.158 GC heap after
Heap after GC invocations=6 (full 1):
 PSYoungGen      total 68608K, used 0K [0x00000000e0000000, 0x00000000e9200000, 0x0000000100000000)
  eden space 63488K, 0% used [0x00000000e0000000,0x00000000e0000000,0x00000000e3e00000)
  from space 5120K, 0% used [0x00000000e3e00000,0x00000000e3e00000,0x00000000e4300000)
  to   space 11264K, 0% used [0x00000000e8700000,0x00000000e8700000,0x00000000e9200000)
 ParOldGen       total 56832K, used 10048K [0x00000000a0000000, 0x00000000a3780000, 0x00000000e0000000)
  object space 56832K, 17% used [0x00000000a0000000,0x00000000a09d0360,0x00000000a3780000)
 Metaspace       used 20872K, capacity 21138K, committed 21296K, reserved 1067008K
  class space    used 2784K, capacity 2879K, committed 2944K, reserved 1048576K
}
Event: 2.977 GC heap before
{Heap before GC invocations=7 (full 1):
 PSYoungGen      total 68608K, used 63488K [0x00000000e0000000, 0x00000000e9200000, 0x0000000100000000)
  eden space 63488K, 100% used [0x00000000e0000000,0x00000000e3e00000,0x00000000e3e00000)
  from space 5120K, 0% used [0x00000000e3e00000,0x00000000e3e00000,0x00000000e4300000)
  to   space 11264K, 0% used [0x00000000e8700000,0x00000000e8700000,0x00000000e9200000)
 ParOldGen       total 56832K, used 10048K [0x00000000a0000000, 0x00000000a3780000, 0x00000000e0000000)
  object space 56832K, 17% used [0x00000000a0000000,0x00000000a09d0360,0x00000000a3780000)
 Metaspace       used 26398K, capacity 26886K, committed 27136K, reserved 1073152K
  class space    used 3643K, capacity 3809K, committed 3840K, reserved 1048576K
Event: 2.990 GC heap after
Heap after GC invocations=7 (full 1):
 PSYoungGen      total 112640K, used 6316K [0x00000000e0000000, 0x00000000e8d80000, 0x0000000100000000)
  eden space 105984K, 0% used [0x00000000e0000000,0x00000000e0000000,0x00000000e6780000)
  from space 6656K, 94% used [0x00000000e8700000,0x00000000e8d2b050,0x00000000e8d80000)
  to   space 10752K, 0% used [0x00000000e7880000,0x00000000e7880000,0x00000000e8300000)
 ParOldGen       total 56832K, used 10048K [0x00000000a0000000, 0x00000000a3780000, 0x00000000e0000000)
  object space 56832K, 17% used [0x00000000a0000000,0x00000000a09d0360,0x00000000a3780000)
 Metaspace       used 26398K, capacity 26886K, committed 27136K, reserved 1073152K
  class space    used 3643K, capacity 3809K, committed 3840K, reserved 1048576K
}
Event: 4.418 GC heap before
{Heap before GC invocations=8 (full 1):
 PSYoungGen      total 112640K, used 112300K [0x00000000e0000000, 0x00000000e8d80000, 0x0000000100000000)
  eden space 105984K, 100% used [0x00000000e0000000,0x00000000e6780000,0x00000000e6780000)
  from space 6656K, 94% used [0x00000000e8700000,0x00000000e8d2b050,0x00000000e8d80000)
  to   space 10752K, 0% used [0x00000000e7880000,0x00000000e7880000,0x00000000e8300000)
 ParOldGen       total 56832K, used 10048K [0x00000000a0000000, 0x00000000a3780000, 0x00000000e0000000)
  object space 56832K, 17% used [0x00000000a0000000,0x00000000a09d0360,0x00000000a3780000)
 Metaspace       used 31343K, capacity 31974K, committed 32384K, reserved 1077248K
  class space    used 4230K, capacity 4420K, committed 4480K, reserved 1048576K
Event: 4.429 GC heap after
Heap after GC invocations=8 (full 1):
 PSYoungGen      total 134144K, used 8038K [0x00000000e0000000, 0x00000000ebb80000, 0x0000000100000000)
  eden space 123392K, 0% used [0x00000000e0000000,0x00000000e0000000,0x00000000e7880000)
  from space 10752K, 74% used [0x00000000e7880000,0x00000000e8059ae0,0x00000000e8300000)
  to   space 10752K, 0% used [0x00000000eb100000,0x00000000eb100000,0x00000000ebb80000)
 ParOldGen       total 56832K, used 10056K [0x00000000a0000000, 0x00000000a3780000, 0x00000000e0000000)
  object space 56832K, 17% used [0x00000000a0000000,0x00000000a09d2360,0x00000000a3780000)
 Metaspace       used 31343K, capacity 31974K, committed 32384K, reserved 1077248K
  class space    used 4230K, capacity 4420K, committed 4480K, reserved 1048576K
}
Event: 4.941 GC heap before
{Heap before GC invocations=9 (full 1):
 PSYoungGen      total 134144K, used 64032K [0x00000000e0000000, 0x00000000ebb80000, 0x0000000100000000)
  eden space 123392K, 45% used [0x00000000e0000000,0x00000000e36ae8e8,0x00000000e7880000)
  from space 10752K, 74% used [0x00000000e7880000,0x00000000e8059ae0,0x00000000e8300000)
  to   space 10752K, 0% used [0x00000000eb100000,0x00000000eb100000,0x00000000ebb80000)
 ParOldGen       total 56832K, used 10056K [0x00000000a0000000, 0x00000000a3780000, 0x00000000e0000000)
  object space 56832K, 17% used [0x00000000a0000000,0x00000000a09d2360,0x00000000a3780000)
 Metaspace       used 34584K, capacity 35220K, committed 35496K, reserved 1079296K
  class space    used 4626K, capacity 4815K, committed 4864K, reserved 1048576K
Event: 4.952 GC heap after
Heap after GC invocations=9 (full 1):
 PSYoungGen      total 180736K, used 8668K [0x00000000e0000000, 0x00000000ed300000, 0x0000000100000000)
  eden space 169984K, 0% used [0x00000000e0000000,0x00000000e0000000,0x00000000ea600000)
  from space 10752K, 80% used [0x00000000eb100000,0x00000000eb977350,0x00000000ebb80000)
  to   space 11264K, 0% used [0x00000000ea600000,0x00000000ea600000,0x00000000eb100000)
 ParOldGen       total 56832K, used 10064K [0x00000000a0000000, 0x00000000a3780000, 0x00000000e0000000)
  object space 56832K, 17% used [0x00000000a0000000,0x00000000a09d4360,0x00000000a3780000)
 Metaspace       used 34584K, capacity 35220K, committed 35496K, reserved 1079296K
  class space    used 4626K, capacity 4815K, committed 4864K, reserved 1048576K
}
Event: 4.952 GC heap before
{Heap before GC invocations=10 (full 2):
 PSYoungGen      total 180736K, used 8668K [0x00000000e0000000, 0x00000000ed300000, 0x0000000100000000)
  eden space 169984K, 0% used [0x00000000e0000000,0x00000000e0000000,0x00000000ea600000)
  from space 10752K, 80% used [0x00000000eb100000,0x00000000eb977350,0x00000000ebb80000)
  to   space 11264K, 0% used [0x00000000ea600000,0x00000000ea600000,0x00000000eb100000)
 ParOldGen       total 56832K, used 10064K [0x00000000a0000000, 0x00000000a3780000, 0x00000000e0000000)
  object space 56832K, 17% used [0x00000000a0000000,0x00000000a09d4360,0x00000000a3780000)
 Metaspace       used 34584K, capacity 35220K, committed 35496K, reserved 1079296K
  class space    used 4626K, capacity 4815K, committed 4864K, reserved 1048576K
Event: 5.029 GC heap after
Heap after GC invocations=10 (full 2):
 PSYoungGen      total 180736K, used 0K [0x00000000e0000000, 0x00000000ed300000, 0x0000000100000000)
  eden space 169984K, 0% used [0x00000000e0000000,0x00000000e0000000,0x00000000ea600000)
  from space 10752K, 0% used [0x00000000eb100000,0x00000000eb100000,0x00000000ebb80000)
  to   space 11264K, 0% used [0x00000000ea600000,0x00000000ea600000,0x00000000eb100000)
 ParOldGen       total 79360K, used 16090K [0x00000000a0000000, 0x00000000a4d80000, 0x00000000e0000000)
  object space 79360K, 20% used [0x00000000a0000000,0x00000000a0fb6b18,0x00000000a4d80000)
 Metaspace       used 34584K, capacity 35220K, committed 35496K, reserved 1079296K
  class space    used 4626K, capacity 4815K, committed 4864K, reserved 1048576K
}

Deoptimization events (10 events):
Event: 4.580 Thread 0x00007f8970007000 Uncommon trap: reason=unstable_if action=reinterpret pc=0x00007f89b1656bec method=java.util.HashMap.putVal(ILjava/lang/Object;Ljava/lang/Object;ZZ)Ljava/lang/Object; @ 162
Event: 4.580 Thread 0x00007f8970007000 Uncommon trap: reason=unstable_if action=reinterpret pc=0x00007f89b1937a8c method=java.util.HashMap.putVal(ILjava/lang/Object;Ljava/lang/Object;ZZ)Ljava/lang/Object; @ 162
Event: 4.580 Thread 0x00007f8970007000 Uncommon trap: reason=unstable_if action=reinterpret pc=0x00007f89b1832ec0 method=java.util.HashMap.putVal(ILjava/lang/Object;Ljava/lang/Object;ZZ)Ljava/lang/Object; @ 162
Event: 4.580 Thread 0x00007f8970007000 Uncommon trap: reason=unstable_if action=reinterpret pc=0x00007f89b12a646c method=java.util.HashMap.resize()[Ljava/util/HashMap$Node; @ 206
Event: 5.038 Thread 0x00007f8970007000 Uncommon trap: reason=unstable_if action=reinterpret pc=0x00007f89b1933e60 method=java.lang.CharacterDataLatin1.isWhitespace(I)Z @ 14
Event: 5.055 Thread 0x00007f8970007000 Uncommon trap: reason=unstable_if action=reinterpret pc=0x00007f89b199bfd0 method=java.security.CodeSource.getCertificates()[Ljava/security/cert/Certificate; @ 22
Event: 5.401 Thread 0x00007f8970007000 Uncommon trap: reason=class_check action=maybe_recompile pc=0x00007f89b1369d6c method=java.io.DataInputStream.readUnsignedShort()I @ 4
Event: 5.401 Thread 0x00007f8970007000 Uncommon trap: reason=class_check action=maybe_recompile pc=0x00007f89b1369d6c method=java.io.DataInputStream.readUnsignedShort()I @ 4
Event: 5.401 Thread 0x00007f8970007000 Uncommon trap: reason=class_check action=maybe_recompile pc=0x00007f89b1369d6c method=java.io.DataInputStream.readUnsignedShort()I @ 4
Event: 5.401 Thread 0x00007f8970007000 Uncommon trap: reason=class_check action=maybe_recompile pc=0x00007f89b1369d6c method=java.io.DataInputStream.readUnsignedShort()I @ 4

Internal exceptions (10 events):
Event: 5.265 Thread 0x00007f8970007000 Exception <a 'sun/nio/fs/UnixException'> (0x00000000e2a28a98) thrown at [/ssd/Android/AOSP-openjdk/external/jetbrains/jdk/hotspot/src/share/vm/prims/jni.cpp, line 709]
Event: 5.265 Thread 0x00007f8970007000 Exception <a 'sun/nio/fs/UnixException'> (0x00000000e2a29eb8) thrown at [/ssd/Android/AOSP-openjdk/external/jetbrains/jdk/hotspot/src/share/vm/prims/jni.cpp, line 709]
Event: 5.265 Thread 0x00007f8970007000 Exception <a 'sun/nio/fs/UnixException'> (0x00000000e2a2f108) thrown at [/ssd/Android/AOSP-openjdk/external/jetbrains/jdk/hotspot/src/share/vm/prims/jni.cpp, line 709]
Event: 5.265 Thread 0x00007f8970007000 Exception <a 'sun/nio/fs/UnixException'> (0x00000000e2a30520) thrown at [/ssd/Android/AOSP-openjdk/external/jetbrains/jdk/hotspot/src/share/vm/prims/jni.cpp, line 709]
Event: 5.266 Thread 0x00007f8970007000 Exception <a 'sun/nio/fs/UnixException'> (0x00000000e2a355d8) thrown at [/ssd/Android/AOSP-openjdk/external/jetbrains/jdk/hotspot/src/share/vm/prims/jni.cpp, line 709]
Event: 5.266 Thread 0x00007f8970007000 Exception <a 'sun/nio/fs/UnixException'> (0x00000000e2a369d8) thrown at [/ssd/Android/AOSP-openjdk/external/jetbrains/jdk/hotspot/src/share/vm/prims/jni.cpp, line 709]
Event: 5.266 Thread 0x00007f8970007000 Exception <a 'sun/nio/fs/UnixException'> (0x00000000e2a39378) thrown at [/ssd/Android/AOSP-openjdk/external/jetbrains/jdk/hotspot/src/share/vm/prims/jni.cpp, line 709]
Event: 5.266 Thread 0x00007f8970007000 Exception <a 'sun/nio/fs/UnixException'> (0x00000000e2a3a798) thrown at [/ssd/Android/AOSP-openjdk/external/jetbrains/jdk/hotspot/src/share/vm/prims/jni.cpp, line 709]
Event: 5.278 Thread 0x00007f8970007000 Exception <a 'java/lang/ClassNotFoundException': com/sun/org/glassfish/hk2/osgiresourcelocator/ServiceLoader> (0x00000000e2a8dfb8) thrown at [/ssd/Android/AOSP-openjdk/external/jetbrains/jdk/hotspot/src/share/vm/classfile/systemDictionary.cpp, line 210]
Event: 5.289 Thread 0x00007f8970007000 Exception <a 'java/lang/NullPointerException'> (0x00000000e2ac2fa0) thrown at [/ssd/Android/AOSP-openjdk/external/jetbrains/jdk/hotspot/src/share/vm/interpreter/linkResolver.cpp, line 1280]

Events (10 events):
Event: 5.733 Thread 0x00007f8970007000 DEOPT PACKING pc=0x00007f89b1731cdf sp=0x00007f899d8a9300
Event: 5.733 Thread 0x00007f8970007000 DEOPT UNPACKING pc=0x00007f89b1046f73 sp=0x00007f899d8a9078 mode 0
Event: 5.748 Thread 0x00007f8970007000 DEOPT PACKING pc=0x00007f89b16ccab5 sp=0x00007f899d8aa770
Event: 5.748 Thread 0x00007f8970007000 DEOPT UNPACKING pc=0x00007f89b1046f73 sp=0x00007f899d8aa4e0 mode 0
Event: 5.765 Thread 0x00007f8970007000 DEOPT PACKING pc=0x00007f89b1b53e2f sp=0x00007f899d8aa340
Event: 5.765 Thread 0x00007f8970007000 DEOPT UNPACKING pc=0x00007f89b1046f73 sp=0x00007f899d8aa080 mode 0
Event: 5.778 Thread 0x00007f8970007000 DEOPT PACKING pc=0x00007f89b16ccab5 sp=0x00007f899d8aa610
Event: 5.778 Thread 0x00007f8970007000 DEOPT UNPACKING pc=0x00007f89b1046f73 sp=0x00007f899d8aa380 mode 0
Event: 5.812 Thread 0x00007f8970007000 DEOPT PACKING pc=0x00007f89b16ccab5 sp=0x00007f899d8a99e0
Event: 5.812 Thread 0x00007f8970007000 DEOPT UNPACKING pc=0x00007f89b1046f73 sp=0x00007f899d8a9750 mode 0


Dynamic libraries:
00400000-00401000 r-xp 00000000 08:01 5247327                            /develop/android/AndroidStudio/jre/bin/java
00600000-00601000 r--p 00000000 08:01 5247327                            /develop/android/AndroidStudio/jre/bin/java
00601000-00602000 rw-p 00001000 08:01 5247327                            /develop/android/AndroidStudio/jre/bin/java
014af000-014d0000 rw-p 00000000 00:00 0                                  [heap]
a0000000-a4d80000 rw-p 00000000 00:00 0 
a4d80000-e0000000 ---p 00000000 00:00 0 
e0000000-ed300000 rw-p 00000000 00:00 0 
ed300000-100000000 ---p 00000000 00:00 0 
100000000-1005a0000 rw-p 00000000 00:00 0 
1005a0000-140000000 ---p 00000000 00:00 0 
7f896f800000-7f896f9c0000 rw-p 00000000 00:00 0 
7f896f9c0000-7f896fa00000 ---p 00000000 00:00 0 
7f896fa00000-7f896fc00000 rw-p 00000000 00:00 0 
7f896fc00000-7f896fe00000 rw-p 00000000 00:00 0 
7f896fe00000-7f8970000000 rw-p 00000000 00:00 0 
7f8970000000-7f8970021000 rw-p 00000000 00:00 0 
7f8970021000-7f8974000000 ---p 00000000 00:00 0 
7f8974000000-7f89752f0000 rw-p 00000000 00:00 0 
7f89752f0000-7f8978000000 ---p 00000000 00:00 0 
7f8978000000-7f8978070000 rw-p 00000000 00:00 0 
7f8978070000-7f897c000000 ---p 00000000 00:00 0 
7f897c000000-7f897c021000 rw-p 00000000 00:00 0 
7f897c021000-7f8980000000 ---p 00000000 00:00 0 
7f8980000000-7f8980021000 rw-p 00000000 00:00 0 
7f8980021000-7f8984000000 ---p 00000000 00:00 0 
7f8984000000-7f8984021000 rw-p 00000000 00:00 0 
7f8984021000-7f8988000000 ---p 00000000 00:00 0 
7f8988000000-7f8989ba0000 rw-p 00000000 00:00 0 
7f8989ba0000-7f898c000000 ---p 00000000 00:00 0 
7f898c000000-7f898cd76000 rw-p 00000000 00:00 0 
7f898cd76000-7f8990000000 ---p 00000000 00:00 0 
7f8990000000-7f8990021000 rw-p 00000000 00:00 0 
7f8990021000-7f8994000000 ---p 00000000 00:00 0 
7f8994000000-7f8994021000 rw-p 00000000 00:00 0 
7f8994021000-7f8998000000 ---p 00000000 00:00 0 
7f8998000000-7f8998021000 rw-p 00000000 00:00 0 
7f8998021000-7f899c000000 ---p 00000000 00:00 0 
7f899c04d000-7f899c060000 r--s 00344000 08:01 5247350                    /develop/android/AndroidStudio/jre/jre/lib/resources.jar
7f899c060000-7f899c260000 rw-p 00000000 00:00 0 
7f899c260000-7f899c460000 rw-p 00000000 00:00 0 
7f899c460000-7f899c48b000 r--s 001fc000 08:01 6161749                    /develop/android/AndroidStudio/gradle/m2repository/com/google/guava/guava/18.0/guava-18.0.jar
7f899c48b000-7f899c48c000 r--s 00001000 08:01 6161906                    /develop/android/AndroidStudio/gradle/m2repository/com/android/tools/annotations/25.2.3/annotations-25.2.3.jar
7f899c48c000-7f899c49f000 r--s 000b2000 08:01 6161985                    /develop/android/AndroidStudio/gradle/m2repository/com/android/tools/external/com-intellij/uast/145.597.4/uast-145.597.4.jar
7f899c49f000-7f899c4a7000 r--s 000a8000 08:01 6162190                    /develop/android/AndroidStudio/gradle/m2repository/com/android/tools/external/lombok/lombok-ast/0.2.3/lombok-ast-0.2.3.jar
7f899c4a7000-7f899c4a9000 r--s 0000d000 08:01 6162378                    /develop/android/AndroidStudio/gradle/m2repository/commons-codec/commons-codec/1.4/commons-codec-1.4.jar
7f899c4a9000-7f899c4ab000 r--s 0000d000 08:01 5640702                    /develop/android/AndroidStudio/gradle/m2repository/commons-logging/commons-logging/1.1.1/commons-logging-1.1.1.jar
7f899c4ab000-7f899c4b0000 r--s 00028000 08:01 5640927                    /develop/android/AndroidStudio/gradle/m2repository/org/apache/httpcomponents/httpcore/4.1/httpcore-4.1.jar
7f899c4b0000-7f899c4b4000 r--s 0002f000 08:01 6161783                    /develop/android/AndroidStudio/gradle/m2repository/com/google/jimfs/jimfs/1.1/jimfs-1.1.jar
7f899c4b4000-7f899c4b5000 r--s 00004000 08:01 6161697                    /develop/android/AndroidStudio/gradle/m2repository/com/intellij/annotations/12.0/annotations-12.0.jar
7f899c4b5000-7f899c4b6000 r--s 00004000 08:01 5640749                    /develop/android/AndroidStudio/gradle/m2repository/org/ow2/asm/asm-analysis/5.0.4/asm-analysis-5.0.4.jar
7f899c4b6000-7f899c4ba000 r--s 0003b000 08:01 6162023                    /develop/android/AndroidStudio/gradle/m2repository/com/android/tools/lint/lint-api/25.2.3/lint-api-25.2.3.jar
7f899c4ba000-7f899c4bb000 r--s 0000a000 08:01 6162342                    /develop/android/AndroidStudio/gradle/m2repository/net/sf/kxml/kxml2/2.3.0/kxml2-2.3.0.jar
7f899c4bb000-7f899c4bd000 r--s 00005000 08:01 5640918                    /develop/android/AndroidStudio/gradle/m2repository/org/apache/httpcomponents/httpmime/4.1/httpmime-4.1.jar
7f899c4bd000-7f899c4c5000 r--s 0004e000 08:01 5640938                    /develop/android/AndroidStudio/gradle/m2repository/org/apache/httpcomponents/httpclient/4.1.1/httpclient-4.1.1.jar
7f899c4c5000-7f899c4cc000 r--s 00053000 08:01 5640950                    /develop/android/AndroidStudio/gradle/m2repository/org/apache/commons/commons-compress/1.8.1/commons-compress-1.8.1.jar
7f899c4cc000-7f899c4d1000 r--s 0002a000 08:01 6161767                    /develop/android/AndroidStudio/gradle/m2repository/com/google/code/gson/gson/2.2.4/gson-2.2.4.jar
7f899c4d1000-7f899c4d6000 r--s 0002d000 08:01 6161987                    /develop/android/AndroidStudio/gradle/m2repository/com/android/tools/repository/25.2.3/repository-25.2.3.jar
7f899c4d6000-7f899c4d7000 r--s 00005000 08:01 6161983                    /develop/android/AndroidStudio/gradle/m2repository/com/android/tools/dvlib/25.2.3/dvlib-25.2.3.jar
7f899c4d7000-7f899c4da000 r--s 00014000 08:01 6161968                    /develop/android/AndroidStudio/gradle/m2repository/com/android/tools/layoutlib/layoutlib-api/25.2.3/layoutlib-api-25.2.3.jar
7f899c4da000-7f899c4df000 r--s 00058000 08:01 5640724                    /develop/android/AndroidStudio/gradle/m2repository/org/ow2/asm/asm-debug-all/5.0.1/asm-debug-all-5.0.1.jar
7f899c4df000-7f899c4ef000 r--s 000d6000 08:01 6162354                    /develop/android/AndroidStudio/gradle/m2repository/net/sf/proguard/proguard-base/5.2.1/proguard-base-5.2.1.jar
7f899c4ef000-7f899c4f2000 r--s 00033000 08:01 6161704                    /develop/android/AndroidStudio/gradle/m2repository/com/googlecode/juniversalchardet/juniversalchardet/1.0.3/juniversalchardet-1.0.3.jar
7f899c4f2000-7f899c4f6000 r--s 0002a000 08:01 5640695                    /develop/android/AndroidStudio/gradle/m2repository/commons-io/commons-io/2.4/commons-io-2.4.jar
7f899c4f6000-7f899c50d000 r--s 00154000 08:01 5640863                    /develop/android/AndroidStudio/gradle/m2repository/org/antlr/antlr4/4.5.3/antlr4-4.5.3.jar
7f899c50d000-7f899c50e000 r--s 00002000 08:01 6161888                    /develop/android/AndroidStudio/gradle/m2repository/com/android/databinding/baseLibrary/2.2.3/baseLibrary-2.2.3.jar
7f899c50e000-7f899c521000 r--s 00236000 08:01 5640808                    /develop/android/AndroidStudio/gradle/m2repository/org/eclipse/jdt/core/compiler/ecj/4.5.1/ecj-4.5.1.jar
7f899c521000-7f899c528000 r--s 000c3000 08:01 6162015                    /develop/android/AndroidStudio/gradle/m2repository/com/android/tools/lint/lint-checks/25.2.3/lint-checks-25.2.3.jar
7f899c528000-7f899c52a000 r--s 00006000 08:01 5640763                    /develop/android/AndroidStudio/gradle/m2repository/org/ow2/asm/asm-tree/5.0.4/asm-tree-5.0.4.jar
7f899c52a000-7f899c55d000 r--s 00203000 08:01 5640870                    /develop/android/AndroidStudio/gradle/m2repository/org/bouncycastle/bcprov-jdk15on/1.48/bcprov-jdk15on-1.48.jar
7f899c55d000-7f899c56b000 r--s 00081000 08:01 5640875                    /develop/android/AndroidStudio/gradle/m2repository/org/bouncycastle/bcpkix-jdk15on/1.48/bcpkix-jdk15on-1.48.jar
7f899c56b000-7f899c56d000 r--s 00002000 08:01 6161712                    /develop/android/AndroidStudio/gradle/m2repository/com/squareup/javawriter/2.5.0/javawriter-2.5.0.jar
7f899c56d000-7f899c56e000 r--s 00002000 08:01 6162001                    /develop/android/AndroidStudio/gradle/m2repository/com/android/tools/analytics-library/tracker/25.2.3/tracker-25.2.3.jar
7f899c56e000-7f899c570000 r--s 00003000 08:01 6162005                    /develop/android/AndroidStudio/gradle/m2repository/com/android/tools/analytics-library/shared/25.2.3/shared-25.2.3.jar
7f899c570000-7f899c57d000 r--s 000ed000 08:01 6162003                    /develop/android/AndroidStudio/gradle/m2repository/com/android/tools/analytics-library/protos/25.2.3/protos-25.2.3.jar
7f899c57d000-7f899c57e000 r--s 00001000 08:01 6162054                    /develop/android/AndroidStudio/gradle/m2repository/com/android/tools/jill/jill-api/0.10.0/jill-api-0.10.0.jar
7f899c57e000-7f899c580000 r--s 00003000 08:01 6162092                    /develop/android/AndroidStudio/gradle/m2repository/com/android/tools/jack/jack-api/0.11.0/jack-api-0.11.0.jar
7f899c580000-7f899c585000 r--s 0004a000 08:01 6161972                    /develop/android/AndroidStudio/gradle/m2repository/com/android/tools/ddms/ddmlib/25.2.3/ddmlib-25.2.3.jar
7f899c585000-7f899c588000 r--s 00021000 08:01 6161928                    /develop/android/AndroidStudio/gradle/m2repository/com/android/tools/build/manifest-merger/25.2.3/manifest-merger-25.2.3.jar
7f899c588000-7f899c58a000 r--s 0001c000 08:01 6162030                    /develop/android/AndroidStudio/gradle/m2repository/com/android/tools/common/25.2.3/common-25.2.3.jar
7f899c58a000-7f899c592000 r--s 00084000 08:01 6161971                    /develop/android/AndroidStudio/gradle/m2repository/com/android/tools/sdk-common/25.2.3/sdk-common-25.2.3.jar
7f899c592000-7f899c59d000 r--s 0008e000 08:01 6162028                    /develop/android/AndroidStudio/gradle/m2repository/com/android/tools/sdklib/25.2.3/sdklib-25.2.3.jar
7f899c59d000-7f899c59e000 r--s 00002000 08:01 6161915                    /develop/android/AndroidStudio/gradle/m2repository/com/android/tools/build/builder-test-api/2.2.3/builder-test-api-2.2.3.jar
7f899c59e000-7f899c5a1000 r--s 00005000 08:01 6161950                    /develop/android/AndroidStudio/gradle/m2repository/com/android/tools/build/builder-model/2.2.3/builder-model-2.2.3.jar
7f899c5a1000-7f899c5a9000 r--s 0007b000 08:01 6161759                    /develop/android/AndroidStudio/gradle/m2repository/com/google/protobuf/protobuf-java/2.5.0/protobuf-java-2.5.0.jar
7f899c5a9000-7f899c5ab000 r--s 0000f000 08:01 6162336                    /develop/android/AndroidStudio/gradle/m2repository/net/sf/jopt-simple/jopt-simple/4.9/jopt-simple-4.9.jar
7f899c5ab000-7f899c5af000 r--s 0001f000 08:01 5640906                    /develop/android/AndroidStudio/gradle/m2repository/org/jacoco/org.jacoco.report/0.7.5.201505241946/org.jacoco.report-0.7.5.201505241946.jar
7f899c5af000-7f899c5b3000 r--s 0001d000 08:01 5640891                    /develop/android/AndroidStudio/gradle/m2repository/org/jacoco/org.jacoco.core/0.7.5.201505241946/org.jacoco.core-0.7.5.201505241946.jar
7f899c5b3000-7f899c5b4000 r--s 00002000 08:01 6162370                    /develop/android/AndroidStudio/gradle/m2repository/net/sf/proguard/proguard-gradle/5.2.1/proguard-gradle-5.2.1.jar
7f899c5b4000-7f899c5b6000 r--s 00009000 08:01 5640772                    /develop/android/AndroidStudio/gradle/m2repository/org/ow2/asm/asm-commons/5.0.4/asm-commons-5.0.4.jar
7f899c5b6000-7f899c5b8000 r--s 0000c000 08:01 5640795                    /develop/android/AndroidStudio/gradle/m2repository/org/ow2/asm/asm/5.0.4/asm-5.0.4.jar
7f899c5b8000-7f899c5bc000 r--s 0002b000 08:01 6161899                    /develop/android/AndroidStudio/gradle/m2repository/com/android/databinding/compilerCommon/2.2.3/compilerCommon-2.2.3.jar
7f899c5bc000-7f899c5bd000 r--s 00002000 08:01 6161917                    /develop/android/AndroidStudio/gradle/m2repository/com/android/tools/build/gradle-api/2.2.3/gradle-api-2.2.3.jar
7f899c5bd000-7f899c5be000 r--s 00000000 08:01 6162040                    /develop/android/AndroidStudio/gradle/m2repository/com/android/tools/build/transform-api/2.0.0-deprecated-use-gradle-api/transform-api-2.0.0-deprecated-use-gradle-api.jar
7f899c5be000-7f899c5c3000 r--s 00053000 08:01 6162017                    /develop/android/AndroidStudio/gradle/m2repository/com/android/tools/lint/lint/25.2.3/lint-25.2.3.jar
7f899c5c3000-7f899c5da000 r--s 0015e000 08:01 6161910                    /develop/android/AndroidStudio/gradle/m2repository/com/android/tools/build/builder/2.2.3/builder-2.2.3.jar
7f899c5da000-7f899c5f7000 r--s 0019d000 08:01 6161944                    /develop/android/AndroidStudio/gradle/m2repository/com/android/tools/build/gradle-core/2.2.3/gradle-core-2.2.3.jar
7f899c5f7000-7f899c5f9000 r--s 0000d000 08:01 6161951                    /develop/android/AndroidStudio/gradle/m2repository/com/android/tools/build/gradle/2.2.3/gradle-2.2.3.jar
7f899c5f9000-7f899c7f9000 rw-p 00000000 00:00 0 
7f899c7f9000-7f899c7fc000 ---p 00000000 00:00 0 
7f899c7fc000-7f899cafa000 rw-p 00000000 00:00 0 
7f899cafa000-7f899cafd000 ---p 00000000 00:00 0 
7f899cafd000-7f899cb33000 rw-p 00000000 00:00 0 
7f899cb33000-7f899cb34000 r--p 00000000 00:00 0 
7f899cb34000-7f899cd34000 rw-p 00000000 00:00 0 
7f899cd34000-7f899cf34000 rw-p 00000000 00:00 0 
7f899cf34000-7f899d134000 rw-p 00000000 00:00 0 
7f899d134000-7f899d334000 rw-p 00000000 00:00 0 
7f899d334000-7f899d534000 rw-p 00000000 00:00 0 
7f899d534000-7f899d5ac000 r--s 010eb000 08:01 5247292                    /develop/android/AndroidStudio/jre/lib/tools.jar
7f899d5ac000-7f899d5af000 ---p 00000000 00:00 0 
7f899d5af000-7f899d6ad000 rw-p 00000000 00:00 0 
7f899d6ad000-7f899d6b0000 ---p 00000000 00:00 0 
7f899d6b0000-7f899d7ae000 rw-p 00000000 00:00 0 
7f899d7ae000-7f899d7b1000 ---p 00000000 00:00 0 
7f899d7b1000-7f899d8af000 rw-p 00000000 00:00 0 
7f899d8af000-7f899d8b2000 ---p 00000000 00:00 0 
7f899d8b2000-7f899d9b0000 rw-p 00000000 00:00 0 
7f899d9b0000-7f899d9b3000 ---p 00000000 00:00 0 
7f899d9b3000-7f899dab1000 rw-p 00000000 00:00 0 
7f899dab1000-7f899dab4000 ---p 00000000 00:00 0 
7f899dab4000-7f899dbb2000 rw-p 00000000 00:00 0 
7f899dbb2000-7f899dbb5000 ---p 00000000 00:00 0 
7f899dbb5000-7f899deb3000 rw-p 00000000 00:00 0 
7f899deb3000-7f899deba000 r--s 00000000 08:01 3412016                    /usr/lib/x86_64-linux-gnu/gconv/gconv-modules.cache
7f899deba000-7f899debd000 ---p 00000000 00:00 0 
7f899debd000-7f899dfbb000 rw-p 00000000 00:00 0 
7f899dfbb000-7f899dfc4000 r-xp 00000000 08:01 5247428                    /develop/android/AndroidStudio/jre/jre/lib/amd64/libmanagement.so
7f899dfc4000-7f899e1c3000 ---p 00009000 08:01 5247428                    /develop/android/AndroidStudio/jre/jre/lib/amd64/libmanagement.so
7f899e1c3000-7f899e1c4000 r--p 00008000 08:01 5247428                    /develop/android/AndroidStudio/jre/jre/lib/amd64/libmanagement.so
7f899e1c4000-7f899e1c5000 rw-p 00009000 08:01 5247428                    /develop/android/AndroidStudio/jre/jre/lib/amd64/libmanagement.so
7f899e1c5000-7f899e1c9000 r--s 00097000 08:01 5247402                    /develop/android/AndroidStudio/jre/jre/lib/jsse.jar
7f899e1c9000-7f899e1cb000 r--s 00007000 08:01 5640558                    /develop/android/AndroidStudio/gradle/gradle-2.14.1/lib/plugins/gradle-tooling-api-builders-2.14.1.jar
7f899e1cb000-7f899e1ce000 r--s 00008000 08:01 5640552                    /develop/android/AndroidStudio/gradle/gradle-2.14.1/lib/plugins/gradle-testing-native-2.14.1.jar
7f899e1ce000-7f899e1d0000 r--s 00009000 08:01 5640633                    /develop/android/AndroidStudio/gradle/gradle-2.14.1/lib/plugins/hamcrest-core-1.3.jar
7f899e1d0000-7f899e1d6000 r--s 00033000 08:01 5640563                    /develop/android/AndroidStudio/gradle/gradle-2.14.1/lib/plugins/snakeyaml-1.6.jar
7f899e1d6000-7f899e1d8000 r--s 00006000 08:01 5640584                    /develop/android/AndroidStudio/gradle/gradle-2.14.1/lib/plugins/jcommander-1.12.jar
7f899e1d8000-7f899e1dd000 r--s 00040000 08:01 5640561                    /develop/android/AndroidStudio/gradle/gradle-2.14.1/lib/plugins/bsh-2.0b4.jar
7f899e1dd000-7f899e1e6000 r--s 00089000 08:01 5640587                    /develop/android/AndroidStudio/gradle/gradle-2.14.1/lib/plugins/testng-6.3.1.jar
7f899e1e6000-7f899e1ee000 r--s 00045000 08:01 5640592                    /develop/android/AndroidStudio/gradle/gradle-2.14.1/lib/plugins/junit-4.12.jar
7f899e1ee000-7f899e1f4000 r--s 0002e000 08:01 5640568                    /develop/android/AndroidStudio/gradle/gradle-2.14.1/lib/plugins/gradle-testing-jvm-2.14.1.jar
7f899e1f4000-7f899e1f9000 r--s 00015000 08:01 5640577                    /develop/android/AndroidStudio/gradle/gradle-2.14.1/lib/plugins/gradle-testing-base-2.14.1.jar
7f899e1f9000-7f899e1fa000 r--s 00002000 08:01 5640590                    /develop/android/AndroidStudio/gradle/gradle-2.14.1/lib/plugins/sonar-batch-bootstrapper-2.9.jar
7f899e1fa000-7f899e1fd000 r--s 00015000 08:01 5640567                    /develop/android/AndroidStudio/gradle/gradle-2.14.1/lib/plugins/gradle-sonar-2.14.1.jar
7f899e1fd000-7f899e204000 r--s 00038000 08:01 5640608                    /develop/android/AndroidStudio/gradle/gradle-2.14.1/lib/plugins/bcpg-jdk15on-1.51.jar
7f899e204000-7f899e206000 r--s 0000d000 08:01 5640614                    /develop/android/AndroidStudio/gradle/gradle-2.14.1/lib/plugins/gradle-signing-2.14.1.jar
7f899e206000-7f899e209000 r--s 00009000 08:01 5640597                    /develop/android/AndroidStudio/gradle/gradle-2.14.1/lib/plugins/gradle-scala-2.14.1.jar
7f899e209000-7f899e20a000 r--s 00004000 08:01 5640621                    /develop/android/AndroidStudio/gradle/gradle-2.14.1/lib/plugins/gradle-resources-sftp-2.14.1.jar
7f899e20a000-7f899e21a000 r--s 00088000 08:01 5640574                    /develop/android/AndroidStudio/gradle/gradle-2.14.1/lib/plugins/joda-time-2.8.2.jar
7f899e21a000-7f899e22b000 r--s 000cf000 08:01 5640640                    /develop/android/AndroidStudio/gradle/gradle-2.14.1/lib/plugins/jackson-databind-2.3.2.jar
7f899e22b000-7f899e22d000 r--s 00007000 08:01 5640603                    /develop/android/AndroidStudio/gradle/gradle-2.14.1/lib/plugins/jackson-annotations-2.3.2.jar
7f899e22d000-7f899e230000 r--s 0002e000 08:01 5640610                    /develop/android/AndroidStudio/gradle/gradle-2.14.1/lib/plugins/jackson-core-2.3.2.jar
7f899e230000-7f899e23b000 r--s 0006b000 08:01 5640657                    /develop/android/AndroidStudio/gradle/gradle-2.14.1/lib/plugins/aws-java-sdk-core-1.9.19.jar
7f899e23b000-7f899e241000 r--s 00036000 08:01 5640602                    /develop/android/AndroidStudio/gradle/gradle-2.14.1/lib/plugins/aws-java-sdk-kms-1.9.19.jar
7f899e241000-7f899e24c000 r--s 00079000 08:01 5640589                    /develop/android/AndroidStudio/gradle/gradle-2.14.1/lib/plugins/aws-java-sdk-s3-1.9.19.jar
7f899e24c000-7f899e24d000 r--s 00003000 08:01 5640636                    /develop/android/AndroidStudio/gradle/gradle-2.14.1/lib/plugins/gradle-resources-s3-2.14.1.jar
7f899e24d000-7f899e24f000 r--s 00005000 08:01 5640631                    /develop/android/AndroidStudio/gradle/gradle-2.14.1/lib/plugins/jatl-0.2.2.jar
7f899e24f000-7f899e251000 r--s 0000f000 08:01 5640648                    /develop/android/AndroidStudio/gradle/gradle-2.14.1/lib/plugins/gradle-reporting-2.14.1.jar
7f899e251000-7f899e253000 r--s 00002000 08:01 5640607                    /develop/android/AndroidStudio/gradle/gradle-2.14.1/lib/plugins/gradle-publish-2.14.1.jar
7f899e253000-7f899e255000 r--s 00009000 08:01 5640580                    /develop/android/AndroidStudio/gradle/gradle-2.14.1/lib/plugins/commons-cli-1.2.jar
7f899e255000-7f899e25b000 r--s 00033000 08:01 5640591                    /develop/android/AndroidStudio/gradle/gradle-2.14.1/lib/plugins/gradle-plugins-2.14.1.jar
7f899e25b000-7f899e25d000 r--s 00007000 08:01 5640555                    /develop/android/AndroidStudio/gradle/gradle-2.14.1/lib/plugins/gradle-plugin-development-2.14.1.jar
7f899e25d000-7f899e263000 r--s 0002a000 08:01 5640613                    /develop/android/AndroidStudio/gradle/gradle-2.14.1/lib/plugins/gradle-platform-play-2.14.1.jar
7f899e263000-7f899e270000 r--s 0004d000 08:01 5640612                    /develop/android/AndroidStudio/gradle/gradle-2.14.1/lib/plugins/gradle-platform-native-2.14.1.jar
7f899e270000-7f899e274000 r--s 0001a000 08:01 5640634                    /develop/android/AndroidStudio/gradle/gradle-2.14.1/lib/plugins/gradle-platform-jvm-2.14.1.jar
7f899e274000-7f899e27b000 r--s 00029000 08:01 5640583                    /develop/android/AndroidStudio/gradle/gradle-2.14.1/lib/plugins/gradle-platform-base-2.14.1.jar
7f899e27b000-7f899e29c000 r--s 001c3000 08:01 5640559                    /develop/android/AndroidStudio/gradle/gradle-2.14.1/lib/plugins/bndlib-2.4.0.jar
7f899e29c000-7f899e29e000 r--s 00003000 08:01 5640639                    /develop/android/AndroidStudio/gradle/gradle-2.14.1/lib/plugins/gradle-osgi-2.14.1.jar
7f899e29e000-7f899e2a1000 r--s 0000c000 08:01 5640643                    /develop/android/AndroidStudio/gradle/gradle-2.14.1/lib/plugins/pmaven-groovy-0.8-20100325.jar
7f899e2a1000-7f899e2a2000 r--s 00004000 08:01 5640629                    /develop/android/AndroidStudio/gradle/gradle-2.14.1/lib/plugins/pmaven-common-0.8-20100325.jar
7f899e2a2000-7f899e2a8000 r--s 00022000 08:01 5640582                    /develop/android/AndroidStudio/gradle/gradle-2.14.1/lib/plugins/gradle-maven-2.14.1.jar
7f899e2a8000-7f899e2aa000 r--s 0000a000 08:01 5640564                    /develop/android/AndroidStudio/gradle/gradle-2.14.1/lib/plugins/gradle-language-scala-2.14.1.jar
7f899e2aa000-7f899e2b0000 r--s 0001a000 08:01 5640569                    /develop/android/AndroidStudio/gradle/gradle-2.14.1/lib/plugins/gradle-language-native-2.14.1.jar
7f899e2b0000-7f899e2b2000 r--s 00008000 08:01 5640557                    /develop/android/AndroidStudio/gradle/gradle-2.14.1/lib/plugins/gradle-language-jvm-2.14.1.jar
7f899e2b2000-7f899e2b8000 r--s 00024000 08:01 5640630                    /develop/android/AndroidStudio/gradle/gradle-2.14.1/lib/plugins/gradle-language-java-2.14.1.jar
7f899e2b8000-7f899e2ba000 r--s 0000a000 08:01 5640611                    /develop/android/AndroidStudio/gradle/gradle-2.14.1/lib/plugins/gradle-language-groovy-2.14.1.jar
7f899e2ba000-7f899e2bd000 r--s 0001e000 08:01 5640551                    /develop/android/AndroidStudio/gradle/gradle-2.14.1/lib/plugins/jsp-api-2.1-6.1.14.jar
7f899e2bd000-7f899e2e0000 r--s 00344000 08:01 5640604                    /develop/android/AndroidStudio/gradle/gradle-2.14.1/lib/plugins/core-3.1.1.jar
7f899e2e0000-7f899e2e1000 r--s 00006000 08:01 5640641                    /develop/android/AndroidStudio/gradle/gradle-2.14.1/lib/plugins/jetty-naming-6.1.25.jar
7f899e2e1000-7f899e2e2000 r--s 00002000 08:01 5640599                    /develop/android/AndroidStudio/gradle/gradle-2.14.1/lib/plugins/geronimo-annotation_1.0_spec-1.0.jar
7f899e2e2000-7f899e2e4000 r--s 00002000 08:01 5640637                    /develop/android/AndroidStudio/gradle/gradle-2.14.1/lib/plugins/jetty-annotations-6.1.25.jar
7f899e2e4000-7f899e2f5000 r--s 000ea000 08:01 5640650                    /develop/android/AndroidStudio/gradle/gradle-2.14.1/lib/plugins/jsp-2.1-6.1.14.jar
7f899e2f5000-7f899e2f7000 r--s 0000d000 08:01 5640605                    /develop/android/AndroidStudio/gradle/gradle-2.14.1/lib/plugins/jetty-plus-6.1.25.jar
7f899e2f7000-7f899e2f9000 r--s 0001f000 08:01 5640664                    /develop/android/AndroidStudio/gradle/gradle-2.14.1/lib/plugins/servlet-api-2.5-20081211.jar
7f899e2f9000-7f899e2fd000 r--s 00028000 08:01 5640585                    /develop/android/AndroidStudio/gradle/gradle-2.14.1/lib/plugins/jetty-util-6.1.25.jar
7f899e2fd000-7f899e304000 r--s 0007d000 08:01 5640593                    /develop/android/AndroidStudio/gradle/gradle-2.14.1/lib/plugins/jetty-6.1.25.jar
7f899e304000-7f899e306000 r--s 00009000 08:01 5640646                    /develop/android/AndroidStudio/gradle/gradle-2.14.1/lib/plugins/gradle-jetty-2.14.1.jar
7f899e306000-7f899e30d000 r--s 00035000 08:01 5640660                    /develop/android/AndroidStudio/gradle/gradle-2.14.1/lib/plugins/simple-4.1.21.jar
7f899e30d000-7f899e319000 r--s 00100000 08:01 5640575                    /develop/android/AndroidStudio/gradle/gradle-2.14.1/lib/plugins/rhino-1.7R3.jar
7f899e319000-7f899e31d000 r--s 00011000 08:01 5640628                    /develop/android/AndroidStudio/gradle/gradle-2.14.1/lib/plugins/gradle-javascript-2.14.1.jar
7f899e31d000-7f899e31f000 r--s 0000c000 08:01 5640662                    /develop/android/AndroidStudio/gradle/gradle-2.14.1/lib/plugins/gradle-jacoco-2.14.1.jar
7f899e31f000-7f899e322000 r--s 0000e000 08:01 5640659                    /develop/android/AndroidStudio/gradle/gradle-2.14.1/lib/plugins/gradle-ivy-2.14.1.jar
7f899e322000-7f899e323000 r--s 00002000 08:01 5640651                    /develop/android/AndroidStudio/gradle/gradle-2.14.1/lib/plugins/gradle-ide-play-2.14.1.jar
7f899e323000-7f899e328000 r--s 0002b000 08:01 5640647                    /develop/android/AndroidStudio/gradle/gradle-2.14.1/lib/plugins/gradle-ide-native-2.14.1.jar
7f899e328000-7f899e333000 r--s 00066000 08:01 5640565                    /develop/android/AndroidStudio/gradle/gradle-2.14.1/lib/plugins/gradle-ide-2.14.1.jar
7f899e333000-7f899e334000 r--s 00008000 08:01 5640562                    /develop/android/AndroidStudio/gradle/gradle-2.14.1/lib/plugins/gradle-ear-2.14.1.jar
7f899e334000-7f899e33a000 r--s 00032000 08:01 5640573                    /develop/android/AndroidStudio/gradle/gradle-2.14.1/lib/plugins/gradle-diagnostics-2.14.1.jar
7f899e33a000-7f899e33e000 r--s 00021000 08:01 5640649                    /develop/android/AndroidStudio/gradle/gradle-2.14.1/lib/plugins/gradle-code-quality-2.14.1.jar
7f899e33e000-7f899e342000 r--s 0001f000 08:01 5640572                    /develop/android/AndroidStudio/gradle/gradle-2.14.1/lib/plugins/gradle-build-init-2.14.1.jar
7f899e342000-7f899e349000 r--s 0008e000 08:01 5640656                    /develop/android/AndroidStudio/gradle/gradle-2.14.1/lib/plugins/gradle-build-comparison-2.14.1.jar
7f899e349000-7f899e34b000 r--s 00008000 08:01 5640632                    /develop/android/AndroidStudio/gradle/gradle-2.14.1/lib/plugins/gradle-antlr-2.14.1.jar
7f899e34b000-7f899e34d000 r--s 00004000 08:01 5640658                    /develop/android/AndroidStudio/gradle/gradle-2.14.1/lib/plugins/gradle-announce-2.14.1.jar
7f899e34d000-7f899e365000 r--s 00115000 08:01 5640596                    /develop/android/AndroidStudio/gradle/gradle-2.14.1/lib/plugins/xercesImpl-2.9.1.jar
7f899e365000-7f899e36d000 r--s 00028000 08:01 5640624                    /develop/android/AndroidStudio/gradle/gradle-2.14.1/lib/plugins/xml-apis-1.3.04.jar
7f899e36d000-7f899e373000 r--s 0005b000 08:01 5640615                    /develop/android/AndroidStudio/gradle/gradle-2.14.1/lib/plugins/jcifs-1.3.17.jar
7f899e373000-7f899e37a000 r--s 00049000 08:01 5640626                    /develop/android/AndroidStudio/gradle/gradle-2.14.1/lib/plugins/httpcore-4.4.4.jar
7f899e37a000-7f899e380000 r--s 00033000 08:01 5640571                    /develop/android/AndroidStudio/gradle/gradle-2.14.1/lib/plugins/commons-codec-1.6.jar
7f899e380000-7f899e383000 r--s 0001c000 08:01 5640566                    /develop/android/AndroidStudio/gradle/gradle-2.14.1/lib/plugins/nekohtml-1.9.14.jar
7f899e383000-7f899e390000 r--s 000a4000 08:01 5640644                    /develop/android/AndroidStudio/gradle/gradle-2.14.1/lib/plugins/httpclient-4.4.1.jar
7f899e390000-7f899e392000 r--s 0000a000 08:01 5640553                    /develop/android/AndroidStudio/gradle/gradle-2.14.1/lib/plugins/gradle-resources-http-2.14.1.jar
7f899e392000-7f899e396000 r--s 00014000 08:01 5640618                    /develop/android/AndroidStudio/gradle/gradle-2.14.1/lib/plugins/gradle-plugin-use-2.14.1.jar
7f899e396000-7f899e397000 r--s 00000000 08:01 5640509                    /develop/android/AndroidStudio/gradle/gradle-2.14.1/lib/gradle-installation-beacon-2.14.1.jar
7f899e397000-7f899e398000 r--s 00007000 08:01 5640581                    /develop/android/AndroidStudio/gradle/gradle-2.14.1/lib/plugins/wagon-http-shared4-2.4.jar
7f899e398000-7f899e39c000 r--s 00033000 08:01 5640635                    /develop/android/AndroidStudio/gradle/gradle-2.14.1/lib/plugins/plexus-utils-2.0.6.jar
7f899e39c000-7f899e3a0000 r--s 00021000 08:01 5640617                    /develop/android/AndroidStudio/gradle/gradle-2.14.1/lib/plugins/maven-model-builder-3.0.4.jar
7f899e3a0000-7f899e3a1000 r--s 00002000 08:01 5640570                    /develop/android/AndroidStudio/gradle/gradle-2.14.1/lib/plugins/wagon-file-2.4.jar
7f899e3a1000-7f899e3a3000 r--s 00002000 08:01 5640627                    /develop/android/AndroidStudio/gradle/gradle-2.14.1/lib/plugins/plexus-cipher-1.7.jar
7f899e3a3000-7f899e3a6000 r--s 00013000 08:01 5640663                    /develop/android/AndroidStudio/gradle/gradle-2.14.1/lib/plugins/aether-api-1.13.1.jar
7f899e3a6000-7f899e3a8000 r--s 0000a000 08:01 5640586                    /develop/android/AndroidStudio/gradle/gradle-2.14.1/lib/plugins/maven-settings-3.0.4.jar
7f899e3a8000-7f899e3aa000 r--s 0000d000 08:01 5640619                    /develop/android/AndroidStudio/gradle/gradle-2.14.1/lib/plugins/plexus-interpolation-1.14.jar
7f899e3aa000-7f899e3ac000 r--s 0000b000 08:01 5640642                    /develop/android/AndroidStudio/gradle/gradle-2.14.1/lib/plugins/maven-artifact-3.0.4.jar
7f899e3ac000-7f899e3b3000 r--s 0002e000 08:01 5640578                    /develop/android/AndroidStudio/gradle/gradle-2.14.1/lib/plugins/plexus-container-default-1.5.5.jar
7f899e3b3000-7f899e3b5000 r--s 0000b000 08:01 5640606                    /develop/android/AndroidStudio/gradle/gradle-2.14.1/lib/plugins/maven-plugin-api-3.0.4.jar
7f899e3b5000-7f899e3b7000 r--s 00000000 08:01 5640609                    /develop/android/AndroidStudio/gradle/gradle-2.14.1/lib/plugins/plexus-component-annotations-1.5.5.jar
7f899e3b7000-7f899e3bd000 r--s 0003f000 08:01 5640620                    /develop/android/AndroidStudio/gradle/gradle-2.14.1/lib/plugins/maven-compat-3.0.4.jar
7f899e3bd000-7f899e3c0000 r--s 00008000 08:01 5640594                    /develop/android/AndroidStudio/gradle/gradle-2.14.1/lib/plugins/maven-settings-builder-3.0.4.jar
7f899e3c0000-7f899e3c1000 r--s 00002000 08:01 5640550                    /develop/android/AndroidStudio/gradle/gradle-2.14.1/lib/plugins/wagon-http-2.4.jar
7f899e3c1000-7f899e3c3000 r--s 00026000 08:01 5640661                    /develop/android/AndroidStudio/gradle/gradle-2.14.1/lib/plugins/maven-model-3.0.4.jar
7f899e3c3000-7f899e3c5000 r--s 00006000 08:01 5640638                    /develop/android/AndroidStudio/gradle/gradle-2.14.1/lib/plugins/aether-connector-wagon-1.13.1.jar
7f899e3c5000-7f899e3c7000 r--s 0000a000 08:01 5640579                    /develop/android/AndroidStudio/gradle/gradle-2.14.1/lib/plugins/plexus-classworlds-2.4.jar
7f899e3c7000-7f899e3c9000 r--s 00006000 08:01 5640622                    /develop/android/AndroidStudio/gradle/gradle-2.14.1/lib/plugins/maven-repository-metadata-3.0.4.jar
7f899e3c9000-7f899e3cb000 r--s 0000c000 08:01 5640598                    /develop/android/AndroidStudio/gradle/gradle-2.14.1/lib/plugins/maven-aether-provider-3.0.4.jar
7f899e3cb000-7f899e3cd000 r--s 0000b000 08:01 5640588                    /develop/android/AndroidStudio/gradle/gradle-2.14.1/lib/plugins/wagon-provider-api-2.4.jar
7f899e3cd000-7f899e3d1000 r--s 0001c000 08:01 5640652                    /develop/android/AndroidStudio/gradle/gradle-2.14.1/lib/plugins/aether-util-1.13.1.jar
7f899e3d1000-7f899e3d4000 r--s 0001d000 08:01 5640616                    /develop/android/AndroidStudio/gradle/gradle-2.14.1/lib/plugins/aether-impl-1.13.1.jar
7f899e3d4000-7f899e3d9000 r--s 00040000 08:01 5640556                    /develop/android/AndroidStudio/gradle/gradle-2.14.1/lib/plugins/jsch-0.1.53.jar
7f899e3d9000-7f899e419000 r--s 00277000 08:01 5640560                    /develop/android/AndroidStudio/gradle/gradle-2.14.1/lib/plugins/bcprov-jdk15on-1.51.jar
7f899e419000-7f899e425000 r--s 0007d000 08:01 5640625                    /develop/android/AndroidStudio/gradle/gradle-2.14.1/lib/plugins/maven-core-3.0.4.jar
7f899e425000-7f899e441000 r--s 000d3000 08:01 5640600                    /develop/android/AndroidStudio/gradle/gradle-2.14.1/lib/plugins/gradle-dependency-management-2.14.1.jar
7f899e441000-7f899e457000 r-xp 00000000 08:01 6165335                    /lib/x86_64-linux-gnu/libgcc_s.so.1
7f899e457000-7f899e656000 ---p 00016000 08:01 6165335                    /lib/x86_64-linux-gnu/libgcc_s.so.1
7f899e656000-7f899e657000 rw-p 00015000 08:01 6165335                    /lib/x86_64-linux-gnu/libgcc_s.so.1
7f899e657000-7f899e7c9000 r-xp 00000000 08:01 3146202                    /usr/lib/x86_64-linux-gnu/libstdc++.so.6.0.21
7f899e7c9000-7f899e9c9000 ---p 00172000 08:01 3146202                    /usr/lib/x86_64-linux-gnu/libstdc++.so.6.0.21
7f899e9c9000-7f899e9d3000 r--p 00172000 08:01 3146202                    /usr/lib/x86_64-linux-gnu/libstdc++.so.6.0.21
7f899e9d3000-7f899e9d5000 rw-p 0017c000 08:01 3146202                    /usr/lib/x86_64-linux-gnu/libstdc++.so.6.0.21
7f899e9d5000-7f899e9d9000 rw-p 00000000 00:00 0 
7f899e9d9000-7f899e9da000 r--s 00003000 08:01 5640554                    /develop/android/AndroidStudio/gradle/gradle-2.14.1/lib/plugins/aether-spi-1.13.1.jar
7f899e9da000-7f899e9db000 r--s 00006000 08:01 5640623                    /develop/android/AndroidStudio/gradle/gradle-2.14.1/lib/plugins/plexus-sec-dispatcher-1.3.jar
7f899e9db000-7f899e9df000 r--s 0001d000 08:01 5640601                    /develop/android/AndroidStudio/gradle/gradle-2.14.1/lib/plugins/xbean-reflect-3.4.jar
7f899e9df000-7f899e9e4000 r--s 0002a000 08:01 5640595                    /develop/android/AndroidStudio/gradle/gradle-2.14.1/lib/plugins/gson-2.2.4.jar
7f899e9e4000-7f899e9f3000 r--s 000d9000 08:01 5640576                    /develop/android/AndroidStudio/gradle/gradle-2.14.1/lib/plugins/ivy-2.2.0.jar
7f899e9f3000-7f899e9f7000 r-xp 00000000 08:01 4076461                    /root/.gradle/native/19/linux-amd64/libnative-platform.so
7f899e9f7000-7f899ebf6000 ---p 00004000 08:01 4076461                    /root/.gradle/native/19/linux-amd64/libnative-platform.so
7f899ebf6000-7f899ebf7000 rw-p 00003000 08:01 4076461                    /root/.gradle/native/19/linux-amd64/libnative-platform.so
7f899ebf7000-7f899ec08000 r-xp 00000000 08:01 5247416                    /develop/android/AndroidStudio/jre/jre/lib/amd64/libnio.so
7f899ec08000-7f899ee07000 ---p 00011000 08:01 5247416                    /develop/android/AndroidStudio/jre/jre/lib/amd64/libnio.so
7f899ee07000-7f899ee08000 r--p 00010000 08:01 5247416                    /develop/android/AndroidStudio/jre/jre/lib/amd64/libnio.so
7f899ee08000-7f899ee09000 rw-p 00011000 08:01 5247416                    /develop/android/AndroidStudio/jre/jre/lib/amd64/libnio.so
7f899ee09000-7f899f10a000 rw-p 00000000 00:00 0 
7f899f10a000-7f899f121000 r-xp 00000000 08:01 5247414                    /develop/android/AndroidStudio/jre/jre/lib/amd64/libnet.so
7f899f121000-7f899f320000 ---p 00017000 08:01 5247414                    /develop/android/AndroidStudio/jre/jre/lib/amd64/libnet.so
7f899f320000-7f899f321000 r--p 00016000 08:01 5247414                    /develop/android/AndroidStudio/jre/jre/lib/amd64/libnet.so
7f899f321000-7f899f322000 rw-p 00017000 08:01 5247414                    /develop/android/AndroidStudio/jre/jre/lib/amd64/libnet.so
7f899f322000-7f899f32c000 r--s 00116000 08:01 5247372                    /develop/android/AndroidStudio/jre/jre/lib/ext/localedata.jar
7f899f32c000-7f899f32e000 r--s 00005000 08:01 5640519                    /develop/android/AndroidStudio/gradle/gradle-2.14.1/lib/gradle-wrapper-2.14.1.jar
7f899f32e000-7f899f33c000 r--s 0004f000 08:01 5640504                    /develop/android/AndroidStudio/gradle/gradle-2.14.1/lib/gradle-tooling-api-2.14.1.jar
7f899f33c000-7f899f33e000 r--s 00002000 08:01 5640508                    /develop/android/AndroidStudio/gradle/gradle-2.14.1/lib/gradle-open-api-2.14.1.jar
7f899f33e000-7f899f344000 r--s 00032000 08:01 5640542                    /develop/android/AndroidStudio/gradle/gradle-2.14.1/lib/jaxen-1.1.jar
7f899f344000-7f899f349000 r--s 00048000 08:01 5640507                    /develop/android/AndroidStudio/gradle/gradle-2.14.1/lib/dom4j-1.6.1.jar
7f899f349000-7f899f354000 r--s 00059000 08:01 5640536                    /develop/android/AndroidStudio/gradle/gradle-2.14.1/lib/gradle-ui-2.14.1.jar
7f899f354000-7f899f357000 r--s 0000b000 08:01 5640665                    /develop/android/AndroidStudio/gradle/gradle-2.14.1/lib/gradle-resources-2.14.1.jar
7f899f357000-7f899f359000 r--s 00003000 08:01 5640545                    /develop/android/AndroidStudio/gradle/gradle-2.14.1/lib/jcl-over-slf4j-1.7.10.jar
7f899f359000-7f899f35a000 r--s 00005000 08:01 5640539                    /develop/android/AndroidStudio/gradle/gradle-2.14.1/lib/log4j-over-slf4j-1.7.10.jar
7f899f35a000-7f899f35c000 r--s 00000000 08:01 5640666                    /develop/android/AndroidStudio/gradle/gradle-2.14.1/lib/jul-to-slf4j-1.7.10.jar
7f899f35c000-7f899f361000 r--s 0001c000 08:01 5640517                    /develop/android/AndroidStudio/gradle/gradle-2.14.1/lib/gradle-logging-2.14.1.jar
7f899f361000-7f899f363000 r--s 00007000 08:01 5640548                    /develop/android/AndroidStudio/gradle/gradle-2.14.1/lib/objenesis-1.2.jar
7f899f363000-7f899f365000 r--s 00000000 08:01 5640512                    /develop/android/AndroidStudio/gradle/gradle-2.14.1/lib/minlog-1.2.jar
7f899f365000-7f899f367000 r--s 0000f000 08:01 5640523                    /develop/android/AndroidStudio/gradle/gradle-2.14.1/lib/reflectasm-1.07-shaded.jar
7f899f367000-7f899f36b000 r--s 00026000 08:01 5640537                    /develop/android/AndroidStudio/gradle/gradle-2.14.1/lib/kryo-2.20.jar
7f899f36b000-7f899f371000 r--s 00025000 08:01 5640506                    /develop/android/AndroidStudio/gradle/gradle-2.14.1/lib/gradle-messaging-2.14.1.jar
7f899f371000-7f899f372000 r--s 00003000 08:01 5640544                    /develop/android/AndroidStudio/gradle/gradle-2.14.1/lib/native-platform-freebsd-amd64-0.10.jar
7f899f372000-7f899f381000 r--s 00080000 08:01 5640532                    /develop/android/AndroidStudio/gradle/gradle-2.14.1/lib/gradle-model-core-2.14.1.jar
7f899f381000-7f899f3f0000 r--s 0063e000 08:01 5640669                    /develop/android/AndroidStudio/gradle/gradle-2.14.1/lib/groovy-all-2.4.4.jar
7f899f3f0000-7f899f418000 r--s 001cf000 08:01 5640520                    /develop/android/AndroidStudio/gradle/gradle-2.14.1/lib/guava-jdk5-17.0.jar
7f899f418000-7f899f437000 r--s 001d1000 08:01 5640518                    /develop/android/AndroidStudio/gradle/gradle-2.14.1/lib/ant-1.9.6.jar
7f899f437000-7f899f46e000 r--s 001bd000 08:01 5640521                    /develop/android/AndroidStudio/gradle/gradle-2.14.1/lib/gradle-core-2.14.1.jar
7f899f46e000-7f899f46f000 ---p 00000000 00:00 0 
7f899f46f000-7f899f56f000 rw-p 00000000 00:00 0 
7f899f56f000-7f899f572000 ---p 00000000 00:00 0 
7f899f572000-7f899f670000 rw-p 00000000 00:00 0 
7f899f670000-7f899f673000 ---p 00000000 00:00 0 
7f899f673000-7f899f771000 rw-p 00000000 00:00 0 
7f899f771000-7f899f774000 ---p 00000000 00:00 0 
7f899f774000-7f899f872000 rw-p 00000000 00:00 0 
7f899f872000-7f899f875000 ---p 00000000 00:00 0 
7f899f875000-7f899f973000 rw-p 00000000 00:00 0 
7f899f973000-7f899fdfe000 r--p 00000000 08:01 3147368                    /usr/lib/locale/locale-archive
7f899fdfe000-7f899fe01000 ---p 00000000 00:00 0 
7f899fe01000-7f899feff000 rw-p 00000000 00:00 0 
7f899feff000-7f899ff02000 ---p 00000000 00:00 0 
7f899ff02000-7f89a0000000 rw-p 00000000 00:00 0 
7f89a0000000-7f89a004d000 rw-p 00000000 00:00 0 
7f89a004d000-7f89a4000000 ---p 00000000 00:00 0 
7f89a4000000-7f89a4024000 rw-p 00000000 00:00 0 
7f89a4024000-7f89a8000000 ---p 00000000 00:00 0 
7f89a8000000-7f89a8030000 rw-p 00000000 00:00 0 
7f89a8030000-7f89ac000000 ---p 00000000 00:00 0 
7f89ac000000-7f89ac001000 r--s 00003000 08:01 5640526                    /develop/android/AndroidStudio/gradle/gradle-2.14.1/lib/native-platform-freebsd-i386-0.10.jar
7f89ac001000-7f89ac002000 r--s 00005000 08:01 5640514                    /develop/android/AndroidStudio/gradle/gradle-2.14.1/lib/native-platform-windows-i386-0.10.jar
7f89ac002000-7f89ac003000 r--s 00005000 08:01 5640513                    /develop/android/AndroidStudio/gradle/gradle-2.14.1/lib/native-platform-windows-amd64-0.10.jar
7f89ac003000-7f89ac004000 r--s 00003000 08:01 5640527                    /develop/android/AndroidStudio/gradle/gradle-2.14.1/lib/native-platform-linux-i386-0.10.jar
7f89ac004000-7f89ac005000 r--s 00003000 08:01 5640511                    /develop/android/AndroidStudio/gradle/gradle-2.14.1/lib/native-platform-linux-amd64-0.10.jar
7f89ac005000-7f89ac006000 r--s 00002000 08:01 5640510                    /develop/android/AndroidStudio/gradle/gradle-2.14.1/lib/native-platform-osx-amd64-0.10.jar
7f89ac006000-7f89ac008000 r--s 00008000 08:01 5640541                    /develop/android/AndroidStudio/gradle/gradle-2.14.1/lib/jansi-1.2.1.jar
7f89ac008000-7f89ac00c000 r--s 000e4000 08:01 5640534                    /develop/android/AndroidStudio/gradle/gradle-2.14.1/lib/jna-3.2.7.jar
7f89ac00c000-7f89ac019000 r--s 00083000 08:01 5640667                    /develop/android/AndroidStudio/gradle/gradle-2.14.1/lib/commons-collections-3.2.2.jar
7f89ac019000-7f89ac01a000 ---p 00000000 00:00 0 
7f89ac01a000-7f89aca70000 rw-p 00000000 00:00 0 
7f89aca70000-7f89acc3d000 r--s 03bec000 08:01 5247384                    /develop/android/AndroidStudio/jre/jre/lib/rt.jar
7f89acc3d000-7f89b073d000 rw-p 00000000 00:00 0 
7f89b073d000-7f89b073e000 ---p 00000000 00:00 0 
7f89b073e000-7f89b083e000 rw-p 00000000 00:00 0 
7f89b083e000-7f89b083f000 ---p 00000000 00:00 0 
7f89b083f000-7f89b0966000 rw-p 00000000 00:00 0 
7f89b0966000-7f89b0b3f000 ---p 00000000 00:00 0 
7f89b0b3f000-7f89b0ba9000 rw-p 00000000 00:00 0 
7f89b0ba9000-7f89b0c3f000 ---p 00000000 00:00 0 
7f89b0c3f000-7f89b0c71000 rw-p 00000000 00:00 0 
7f89b0c71000-7f89b1000000 ---p 00000000 00:00 0 
7f89b1000000-7f89b1c40000 rwxp 00000000 00:00 0 
7f89b1c40000-7f89c0000000 ---p 00000000 00:00 0 
7f89c0000000-7f89c0b44000 rw-p 00000000 00:00 0 
7f89c0b44000-7f89c4000000 ---p 00000000 00:00 0 
7f89c4000000-7f89c4003000 r--s 0000d000 08:01 5640535                    /develop/android/AndroidStudio/gradle/gradle-2.14.1/lib/native-platform-0.10.jar
7f89c4003000-7f89c4005000 r--s 00009000 08:01 5640546                    /develop/android/AndroidStudio/gradle/gradle-2.14.1/lib/gradle-native-2.14.1.jar
7f89c4005000-7f89c4007000 r--s 00005000 08:01 5640547                    /develop/android/AndroidStudio/gradle/gradle-2.14.1/lib/gradle-cli-2.14.1.jar
7f89c4007000-7f89c40e6000 rw-p 00000000 00:00 0 
7f89c40e6000-7f89c42bf000 ---p 00000000 00:00 0 
7f89c42bf000-7f89c42d9000 r-xp 00000000 08:01 5247411                    /develop/android/AndroidStudio/jre/jre/lib/amd64/libzip.so
7f89c42d9000-7f89c44d9000 ---p 0001a000 08:01 5247411                    /develop/android/AndroidStudio/jre/jre/lib/amd64/libzip.so
7f89c44d9000-7f89c44da000 r--p 0001a000 08:01 5247411                    /develop/android/AndroidStudio/jre/jre/lib/amd64/libzip.so
7f89c44da000-7f89c44db000 rw-p 0001b000 08:01 5247411                    /develop/android/AndroidStudio/jre/jre/lib/amd64/libzip.so
7f89c44db000-7f89c44e6000 r-xp 00000000 08:01 6160660                    /lib/x86_64-linux-gnu/libnss_files-2.23.so
7f89c44e6000-7f89c46e5000 ---p 0000b000 08:01 6160660                    /lib/x86_64-linux-gnu/libnss_files-2.23.so
7f89c46e5000-7f89c46e6000 r--p 0000a000 08:01 6160660                    /lib/x86_64-linux-gnu/libnss_files-2.23.so
7f89c46e6000-7f89c46e7000 rw-p 0000b000 08:01 6160660                    /lib/x86_64-linux-gnu/libnss_files-2.23.so
7f89c46e7000-7f89c46ed000 rw-p 00000000 00:00 0 
7f89c46ed000-7f89c46f8000 r-xp 00000000 08:01 6160645                    /lib/x86_64-linux-gnu/libnss_nis-2.23.so
7f89c46f8000-7f89c48f7000 ---p 0000b000 08:01 6160645                    /lib/x86_64-linux-gnu/libnss_nis-2.23.so
7f89c48f7000-7f89c48f8000 r--p 0000a000 08:01 6160645                    /lib/x86_64-linux-gnu/libnss_nis-2.23.so
7f89c48f8000-7f89c48f9000 rw-p 0000b000 08:01 6160645                    /lib/x86_64-linux-gnu/libnss_nis-2.23.so
7f89c48f9000-7f89c490f000 r-xp 00000000 08:01 6160656                    /lib/x86_64-linux-gnu/libnsl-2.23.so
7f89c490f000-7f89c4b0e000 ---p 00016000 08:01 6160656                    /lib/x86_64-linux-gnu/libnsl-2.23.so
7f89c4b0e000-7f89c4b0f000 r--p 00015000 08:01 6160656                    /lib/x86_64-linux-gnu/libnsl-2.23.so
7f89c4b0f000-7f89c4b10000 rw-p 00016000 08:01 6160656                    /lib/x86_64-linux-gnu/libnsl-2.23.so
7f89c4b10000-7f89c4b12000 rw-p 00000000 00:00 0 
7f89c4b12000-7f89c4b1a000 r-xp 00000000 08:01 6160657                    /lib/x86_64-linux-gnu/libnss_compat-2.23.so
7f89c4b1a000-7f89c4d19000 ---p 00008000 08:01 6160657                    /lib/x86_64-linux-gnu/libnss_compat-2.23.so
7f89c4d19000-7f89c4d1a000 r--p 00007000 08:01 6160657                    /lib/x86_64-linux-gnu/libnss_compat-2.23.so
7f89c4d1a000-7f89c4d1b000 rw-p 00008000 08:01 6160657                    /lib/x86_64-linux-gnu/libnss_compat-2.23.so
7f89c4d1b000-7f89c4d48000 r-xp 00000000 08:01 5247421                    /develop/android/AndroidStudio/jre/jre/lib/amd64/libjava.so
7f89c4d48000-7f89c4f47000 ---p 0002d000 08:01 5247421                    /develop/android/AndroidStudio/jre/jre/lib/amd64/libjava.so
7f89c4f47000-7f89c4f48000 r--p 0002c000 08:01 5247421                    /develop/android/AndroidStudio/jre/jre/lib/amd64/libjava.so
7f89c4f48000-7f89c4f4a000 rw-p 0002d000 08:01 5247421                    /develop/android/AndroidStudio/jre/jre/lib/amd64/libjava.so
7f89c4f4a000-7f89c4f5a000 r-xp 00000000 08:01 5247437                    /develop/android/AndroidStudio/jre/jre/lib/amd64/libverify.so
7f89c4f5a000-7f89c5159000 ---p 00010000 08:01 5247437                    /develop/android/AndroidStudio/jre/jre/lib/amd64/libverify.so
7f89c5159000-7f89c515b000 r--p 0000f000 08:01 5247437                    /develop/android/AndroidStudio/jre/jre/lib/amd64/libverify.so
7f89c515b000-7f89c515c000 rw-p 00011000 08:01 5247437                    /develop/android/AndroidStudio/jre/jre/lib/amd64/libverify.so
7f89c515c000-7f89c5163000 r-xp 00000000 08:01 6160644                    /lib/x86_64-linux-gnu/librt-2.23.so
7f89c5163000-7f89c5362000 ---p 00007000 08:01 6160644                    /lib/x86_64-linux-gnu/librt-2.23.so
7f89c5362000-7f89c5363000 r--p 00006000 08:01 6160644                    /lib/x86_64-linux-gnu/librt-2.23.so
7f89c5363000-7f89c5364000 rw-p 00007000 08:01 6160644                    /lib/x86_64-linux-gnu/librt-2.23.so
7f89c5364000-7f89c546c000 r-xp 00000000 08:01 6160654                    /lib/x86_64-linux-gnu/libm-2.23.so
7f89c546c000-7f89c566b000 ---p 00108000 08:01 6160654                    /lib/x86_64-linux-gnu/libm-2.23.so
7f89c566b000-7f89c566c000 r--p 00107000 08:01 6160654                    /lib/x86_64-linux-gnu/libm-2.23.so
7f89c566c000-7f89c566d000 rw-p 00108000 08:01 6160654                    /lib/x86_64-linux-gnu/libm-2.23.so
7f89c566d000-7f89c6253000 r-xp 00000000 08:01 5247441                    /develop/android/AndroidStudio/jre/jre/lib/amd64/server/libjvm.so
7f89c6253000-7f89c6453000 ---p 00be6000 08:01 5247441                    /develop/android/AndroidStudio/jre/jre/lib/amd64/server/libjvm.so
7f89c6453000-7f89c64f2000 r--p 00be6000 08:01 5247441                    /develop/android/AndroidStudio/jre/jre/lib/amd64/server/libjvm.so
7f89c64f2000-7f89c651b000 rw-p 00c85000 08:01 5247441                    /develop/android/AndroidStudio/jre/jre/lib/amd64/server/libjvm.so
7f89c651b000-7f89c655d000 rw-p 00000000 00:00 0 
7f89c655d000-7f89c6575000 r-xp 00000000 08:01 6160655                    /lib/x86_64-linux-gnu/libpthread-2.23.so
7f89c6575000-7f89c6774000 ---p 00018000 08:01 6160655                    /lib/x86_64-linux-gnu/libpthread-2.23.so
7f89c6774000-7f89c6775000 r--p 00017000 08:01 6160655                    /lib/x86_64-linux-gnu/libpthread-2.23.so
7f89c6775000-7f89c6776000 rw-p 00018000 08:01 6160655                    /lib/x86_64-linux-gnu/libpthread-2.23.so
7f89c6776000-7f89c677a000 rw-p 00000000 00:00 0 
7f89c677a000-7f89c677d000 r-xp 00000000 08:01 6160648                    /lib/x86_64-linux-gnu/libdl-2.23.so
7f89c677d000-7f89c697c000 ---p 00003000 08:01 6160648                    /lib/x86_64-linux-gnu/libdl-2.23.so
7f89c697c000-7f89c697d000 r--p 00002000 08:01 6160648                    /lib/x86_64-linux-gnu/libdl-2.23.so
7f89c697d000-7f89c697e000 rw-p 00003000 08:01 6160648                    /lib/x86_64-linux-gnu/libdl-2.23.so
7f89c697e000-7f89c6b3d000 r-xp 00000000 08:01 6160649                    /lib/x86_64-linux-gnu/libc-2.23.so
7f89c6b3d000-7f89c6d3d000 ---p 001bf000 08:01 6160649                    /lib/x86_64-linux-gnu/libc-2.23.so
7f89c6d3d000-7f89c6d41000 r--p 001bf000 08:01 6160649                    /lib/x86_64-linux-gnu/libc-2.23.so
7f89c6d41000-7f89c6d43000 rw-p 001c3000 08:01 6160649                    /lib/x86_64-linux-gnu/libc-2.23.so
7f89c6d43000-7f89c6d47000 rw-p 00000000 00:00 0 
7f89c6d47000-7f89c6d5d000 r-xp 00000000 08:01 5247301                    /develop/android/AndroidStudio/jre/lib/amd64/jli/libjli.so
7f89c6d5d000-7f89c6f5c000 ---p 00016000 08:01 5247301                    /develop/android/AndroidStudio/jre/lib/amd64/jli/libjli.so
7f89c6f5c000-7f89c6f5d000 r--p 00015000 08:01 5247301                    /develop/android/AndroidStudio/jre/lib/amd64/jli/libjli.so
7f89c6f5d000-7f89c6f5e000 rw-p 00016000 08:01 5247301                    /develop/android/AndroidStudio/jre/lib/amd64/jli/libjli.so
7f89c6f5e000-7f89c6f84000 r-xp 00000000 08:01 6160638                    /lib/x86_64-linux-gnu/ld-2.23.so
7f89c6f84000-7f89c6f85000 r--s 00002000 08:01 5640540                    /develop/android/AndroidStudio/gradle/gradle-2.14.1/lib/native-platform-osx-i386-0.10.jar
7f89c6f85000-7f89c6f87000 r--s 00007000 08:01 5640516                    /develop/android/AndroidStudio/gradle/gradle-2.14.1/lib/gradle-model-groovy-2.14.1.jar
7f89c6f87000-7f89c6f88000 r--s 00006000 08:01 5640531                    /develop/android/AndroidStudio/gradle/gradle-2.14.1/lib/gradle-base-services-groovy-2.14.1.jar
7f89c6f88000-7f89c6f89000 r--s 00002000 08:01 5640524                    /develop/android/AndroidStudio/gradle/gradle-2.14.1/lib/gradle-docs-2.14.1.jar
7f89c6f89000-7f89c6f8a000 r--s 00000000 08:01 5640668                    /develop/android/AndroidStudio/gradle/gradle-2.14.1/lib/javax.inject-1.jar
7f89c6f8a000-7f89c6f8e000 r--s 00027000 08:01 5640538                    /develop/android/AndroidStudio/gradle/gradle-2.14.1/lib/commons-io-2.2.jar
7f89c6f8e000-7f89c6f93000 r--s 00038000 08:01 5640528                    /develop/android/AndroidStudio/gradle/gradle-2.14.1/lib/asm-all-5.1.jar
7f89c6f93000-7f89c6f98000 r--s 00041000 08:01 5640530                    /develop/android/AndroidStudio/gradle/gradle-2.14.1/lib/commons-lang-2.6.jar
7f89c6f98000-7f89c6fa0000 r--s 0003a000 08:01 5640529                    /develop/android/AndroidStudio/gradle/gradle-2.14.1/lib/gradle-base-services-2.14.1.jar
7f89c6fa0000-7f89c7062000 rw-p 00000000 00:00 0 
7f89c7062000-7f89c7065000 ---p 00000000 00:00 0 
7f89c7065000-7f89c7167000 rw-p 00000000 00:00 0 
7f89c7167000-7f89c7168000 r--s 00000000 08:01 5640522                    /develop/android/AndroidStudio/gradle/gradle-2.14.1/lib/jcip-annotations-1.0.jar
7f89c7168000-7f89c7169000 r--s 00001000 08:01 5640543                    /develop/android/AndroidStudio/gradle/gradle-2.14.1/lib/gradle-process-services-2.14.1.jar
7f89c7169000-7f89c716a000 r--s 00000000 08:01 5640505                    /develop/android/AndroidStudio/gradle/gradle-2.14.1/lib/gradle-jvm-services-2.14.1.jar
7f89c716a000-7f89c716b000 r--s 00007000 08:01 5640515                    /develop/android/AndroidStudio/gradle/gradle-2.14.1/lib/slf4j-api-1.7.10.jar
7f89c716b000-7f89c716c000 r--s 00004000 08:01 5640533                    /develop/android/AndroidStudio/gradle/gradle-2.14.1/lib/ant-launcher-1.9.6.jar
7f89c716c000-7f89c7177000 r--s 00051000 08:01 5640525                    /develop/android/AndroidStudio/gradle/gradle-2.14.1/lib/gradle-launcher-2.14.1.jar
7f89c7177000-7f89c717f000 rw-s 00000000 08:01 5954267                    /tmp/hsperfdata_root/18750
7f89c717f000-7f89c7180000 rw-p 00000000 00:00 0 
7f89c7180000-7f89c7181000 r--p 00000000 00:00 0 
7f89c7181000-7f89c7183000 rw-p 00000000 00:00 0 
7f89c7183000-7f89c7184000 r--p 00025000 08:01 6160638                    /lib/x86_64-linux-gnu/ld-2.23.so
7f89c7184000-7f89c7185000 rw-p 00026000 08:01 6160638                    /lib/x86_64-linux-gnu/ld-2.23.so
7f89c7185000-7f89c7186000 rw-p 00000000 00:00 0 
7ffc07057000-7ffc07078000 rw-p 00000000 00:00 0                          [stack]
7ffc071dd000-7ffc071df000 r--p 00000000 00:00 0                          [vvar]
7ffc071df000-7ffc071e1000 r-xp 00000000 00:00 0                          [vdso]
ffffffffff600000-ffffffffff601000 r-xp 00000000 00:00 0                  [vsyscall]

VM Arguments:
jvm_args: -Xmx1536m -Dfile.encoding=UTF-8 -Duser.country=CN -Duser.language=zh -Duser.variant 
java_command: org.gradle.launcher.daemon.bootstrap.GradleDaemon 2.14.1
java_class_path (initial): /develop/android/AndroidStudio/gradle/gradle-2.14.1/lib/gradle-launcher-2.14.1.jar
Launcher Type: SUN_STANDARD

Environment Variables:
JAVA_HOME=/develop/java
PATH=/develop/java/bin:/usr/local/sbin:/usr/local/bin:/usr/sbin:/usr/bin:/sbin:/bin:/usr/games:/usr/local/games:/snap/bin
LD_LIBRARY_PATH=.:
SHELL=/bin/bash
DISPLAY=:0

Signal Handlers:
SIGSEGV: [libjvm.so+0x9daac0], sa_mask[0]=11111111011111111101111111111110, sa_flags=SA_RESTART|SA_SIGINFO
SIGBUS: [libjvm.so+0x9daac0], sa_mask[0]=11111111011111111101111111111110, sa_flags=SA_RESTART|SA_SIGINFO
SIGFPE: [libjvm.so+0x840d90], sa_mask[0]=11111111011111111101111111111110, sa_flags=SA_RESTART|SA_SIGINFO
SIGPIPE: [libjvm.so+0x840d90], sa_mask[0]=11111111011111111101111111111110, sa_flags=SA_RESTART|SA_SIGINFO
SIGXFSZ: [libjvm.so+0x840d90], sa_mask[0]=11111111011111111101111111111110, sa_flags=SA_RESTART|SA_SIGINFO
SIGILL: [libjvm.so+0x840d90], sa_mask[0]=11111111011111111101111111111110, sa_flags=SA_RESTART|SA_SIGINFO
SIGUSR1: SIG_DFL, sa_mask[0]=00000000000000000000000000000000, sa_flags=none
SIGUSR2: [libjvm.so+0x840c60], sa_mask[0]=00100000000000000000000000000000, sa_flags=SA_RESTART|SA_SIGINFO
SIGHUP: [libjvm.so+0x840e50], sa_mask[0]=11111111011111111101111111111110, sa_flags=SA_RESTART|SA_SIGINFO
SIGINT: [libjvm.so+0x840e50], sa_mask[0]=11111111011111111101111111111110, sa_flags=SA_RESTART|SA_SIGINFO
SIGTERM: [libjvm.so+0x840e50], sa_mask[0]=11111111011111111101111111111110, sa_flags=SA_RESTART|SA_SIGINFO
SIGQUIT: [libjvm.so+0x840e50], sa_mask[0]=11111111011111111101111111111110, sa_flags=SA_RESTART|SA_SIGINFO


---------------  S Y S T E M  ---------------

OS:DISTRIB_ID=Ubuntu
DISTRIB_RELEASE=16.04
DISTRIB_CODENAME=xenial
DISTRIB_DESCRIPTION="Ubuntu 16.04.1 LTS"

uname:Linux 4.4.0-57-generic #78-Ubuntu SMP Fri Dec 9 23:50:32 UTC 2016 x86_64
libc:glibc 2.23 NPTL 2.23 
rlimit: STACK 8192k, CORE 0k, NPROC 31343, NOFILE 65536, AS infinity
load average:0.73 0.64 0.57

/proc/meminfo:
MemTotal:        8064108 kB
MemFree:         1102204 kB
MemAvailable:    1541252 kB
Buffers:           63760 kB
Cached:          1852908 kB
SwapCached:       107628 kB
Active:          5008244 kB
Inactive:        1763112 kB
Active(anon):    4674528 kB
Inactive(anon):  1464668 kB
Active(file):     333716 kB
Inactive(file):   298444 kB
Unevictable:          32 kB
Mlocked:              32 kB
SwapTotal:       8274940 kB
SwapFree:        5750688 kB
Dirty:             28404 kB
Writeback:             0 kB
AnonPages:       4787148 kB
Mapped:           708588 kB
Shmem:           1284428 kB
Slab:              88000 kB
SReclaimable:      52604 kB
SUnreclaim:        35396 kB
KernelStack:        9376 kB
PageTables:        43736 kB
NFS_Unstable:          0 kB
Bounce:                0 kB
WritebackTmp:          0 kB
CommitLimit:    12306992 kB
Committed_AS:   11954024 kB
VmallocTotal:   34359738367 kB
VmallocUsed:           0 kB
VmallocChunk:          0 kB
HardwareCorrupted:     0 kB
AnonHugePages:   3450880 kB
CmaTotal:              0 kB
CmaFree:               0 kB
HugePages_Total:       0
HugePages_Free:        0
HugePages_Rsvd:        0
HugePages_Surp:        0
Hugepagesize:       2048 kB
DirectMap4k:       91464 kB
DirectMap2M:     3991552 kB
DirectMap1G:     5242880 kB


CPU:total 2 (2 cores per cpu, 1 threads per core) family 6 model 60 stepping 3, cmov, cx8, fxsr, mmx, sse, sse2, sse3, ssse3, sse4.1, sse4.2, popcnt, clmul, erms, lzcnt, tsc, tscinvbit

/proc/cpuinfo:
processor	: 0
vendor_id	: GenuineIntel
cpu family	: 6
model		: 60
model name	: Intel(R) Pentium(R) CPU G3260 @ 3.30GHz
stepping	: 3
microcode	: 0x1e
cpu MHz		: 3299.871
cache size	: 3072 KB
physical id	: 0
siblings	: 2
core id		: 0
cpu cores	: 2
apicid		: 0
initial apicid	: 0
fpu		: yes
fpu_exception	: yes
cpuid level	: 13
wp		: yes
flags		: fpu vme de pse tsc msr pae mce cx8 apic sep mtrr pge mca cmov pat pse36 clflush dts acpi mmx fxsr sse sse2 ss ht tm pbe syscall nx pdpe1gb rdtscp lm constant_tsc arch_perfmon pebs bts rep_good nopl xtopology nonstop_tsc aperfmperf eagerfpu pni pclmulqdq dtes64 monitor ds_cpl vmx est tm2 ssse3 sdbg cx16 xtpr pdcm pcid sse4_1 sse4_2 movbe popcnt tsc_deadline_timer xsave rdrand lahf_lm abm tpr_shadow vnmi flexpriority ept vpid fsgsbase tsc_adjust erms invpcid xsaveopt dtherm arat pln pts
bugs		:
bogomips	: 6585.27
clflush size	: 64
cache_alignment	: 64
address sizes	: 39 bits physical, 48 bits virtual
power management:

processor	: 1
vendor_id	: GenuineIntel
cpu family	: 6
model		: 60
model name	: Intel(R) Pentium(R) CPU G3260 @ 3.30GHz
stepping	: 3
microcode	: 0x1e
cpu MHz		: 3300.000
cache size	: 3072 KB
physical id	: 0
siblings	: 2
core id		: 1
cpu cores	: 2
apicid		: 2
initial apicid	: 2
fpu		: yes
fpu_exception	: yes
cpuid level	: 13
wp		: yes
flags		: fpu vme de pse tsc msr pae mce cx8 apic sep mtrr pge mca cmov pat pse36 clflush dts acpi mmx fxsr sse sse2 ss ht tm pbe syscall nx pdpe1gb rdtscp lm constant_tsc arch_perfmon pebs bts rep_good nopl xtopology nonstop_tsc aperfmperf eagerfpu pni pclmulqdq dtes64 monitor ds_cpl vmx est tm2 ssse3 sdbg cx16 xtpr pdcm pcid sse4_1 sse4_2 movbe popcnt tsc_deadline_timer xsave rdrand lahf_lm abm tpr_shadow vnmi flexpriority ept vpid fsgsbase tsc_adjust erms invpcid xsaveopt dtherm arat pln pts
bugs		:
bogomips	: 6585.27
clflush size	: 64
cache_alignment	: 64
address sizes	: 39 bits physical, 48 bits virtual
power management:



Memory: 4k page, physical 8064108k(1102204k free), swap 8274940k(5750688k free)

vm_info: OpenJDK 64-Bit Server VM (25.76-b03) for linux-amd64 JRE (1.8.0_76-release-b03), built on Jun 29 2016 09:39:19 by "builder" with gcc 4.8.4

time: Tue Jan  3 16:54:07 2017
elapsed time: 5 seconds (0d 0h 0m 5s)

